{"/home/travis/build/npmtest/node-npmtest-wordpress-rest-api/test.js":{"path":"/home/travis/build/npmtest/node-npmtest-wordpress-rest-api/test.js","s":{"1":2,"2":2,"3":2,"4":2,"5":2,"6":2,"7":2,"8":1,"9":2,"10":2,"11":1,"12":1,"13":1,"14":1,"15":2,"16":2,"17":2,"18":2,"19":1,"20":1,"21":2,"22":2,"23":2,"24":1,"25":1,"26":1,"27":1,"28":1,"29":1,"30":1,"31":1,"32":1,"33":1,"34":1,"35":1,"36":1,"37":1,"38":1,"39":2,"40":2,"41":1,"42":2,"43":2,"44":1,"45":2,"46":2,"47":1,"48":2,"49":2,"50":1,"51":1,"52":1,"53":1,"54":1},"b":{"1":[2,1,1,1],"2":[1,1,1,1],"3":[1,1],"4":[1,1],"5":[1,1],"6":[1,1],"7":[1,1],"8":[1,1],"9":[1,1],"10":[1,1,1],"11":[1,1],"12":[1,1],"13":[1,1],"14":[1,1],"15":[1,1],"16":[1,1],"17":[1,1]},"f":{"1":2,"2":2,"3":2,"4":2,"5":2,"6":1,"7":1,"8":1,"9":2,"10":2,"11":2,"12":2,"13":1},"fnMap":{"1":{"name":"(anonymous_1)","line":12,"loc":{"start":{"line":12,"column":1},"end":{"line":12,"column":13}}},"2":{"name":"(anonymous_2)","line":19,"loc":{"start":{"line":19,"column":5},"end":{"line":19,"column":17}}},"3":{"name":"(anonymous_3)","line":23,"loc":{"start":{"line":23,"column":24},"end":{"line":23,"column":36}}},"4":{"name":"(anonymous_4)","line":61,"loc":{"start":{"line":61,"column":5},"end":{"line":61,"column":17}}},"5":{"name":"(anonymous_5)","line":82,"loc":{"start":{"line":82,"column":5},"end":{"line":82,"column":17}}},"6":{"name":"(anonymous_6)","line":91,"loc":{"start":{"line":91,"column":77},"end":{"line":94,"column":10}}},"7":{"name":"(anonymous_7)","line":112,"loc":{"start":{"line":112,"column":83},"end":{"line":115,"column":10}},"skip":true},"8":{"name":"(anonymous_8)","line":123,"loc":{"start":{"line":123,"column":77},"end":{"line":126,"column":10}},"skip":true},"9":{"name":"(anonymous_9)","line":139,"loc":{"start":{"line":139,"column":12},"end":{"line":139,"column":40}},"skip":true},"10":{"name":"(anonymous_10)","line":147,"loc":{"start":{"line":147,"column":77},"end":{"line":150,"column":10}},"skip":true},"11":{"name":"(anonymous_11)","line":158,"loc":{"start":{"line":158,"column":83},"end":{"line":161,"column":10}},"skip":true},"12":{"name":"(anonymous_12)","line":169,"loc":{"start":{"line":169,"column":79},"end":{"line":172,"column":10}},"skip":true},"13":{"name":"(anonymous_13)","line":180,"loc":{"start":{"line":180,"column":75},"end":{"line":183,"column":10}},"skip":true}},"statementMap":{"1":{"start":{"line":12,"column":0},"end":{"line":195,"column":5}},"2":{"start":{"line":14,"column":4},"end":{"line":14,"column":14}},"3":{"start":{"line":19,"column":4},"end":{"line":56,"column":9}},"4":{"start":{"line":21,"column":8},"end":{"line":21,"column":19}},"5":{"start":{"line":23,"column":8},"end":{"line":35,"column":13}},"6":{"start":{"line":24,"column":12},"end":{"line":34,"column":13}},"7":{"start":{"line":25,"column":16},"end":{"line":28,"column":30}},"8":{"start":{"line":30,"column":16},"end":{"line":33,"column":27}},"9":{"start":{"line":37,"column":8},"end":{"line":39,"column":21}},"10":{"start":{"line":40,"column":8},"end":{"line":53,"column":9}},"11":{"start":{"line":43,"column":12},"end":{"line":46,"column":14}},"12":{"start":{"line":47,"column":12},"end":{"line":47,"column":18}},"13":{"start":{"line":50,"column":12},"end":{"line":51,"column":46}},"14":{"start":{"line":52,"column":12},"end":{"line":52,"column":18}},"15":{"start":{"line":55,"column":8},"end":{"line":55,"column":35}},"16":{"start":{"line":61,"column":4},"end":{"line":63,"column":9}},"17":{"start":{"line":62,"column":8},"end":{"line":62,"column":15}},"18":{"start":{"line":64,"column":4},"end":{"line":77,"column":5}},"19":{"start":{"line":70,"column":8},"end":{"line":70,"column":14}},"20":{"start":{"line":76,"column":8},"end":{"line":76,"column":14}},"21":{"start":{"line":82,"column":4},"end":{"line":84,"column":9}},"22":{"start":{"line":83,"column":8},"end":{"line":83,"column":15}},"23":{"start":{"line":85,"column":4},"end":{"line":194,"column":5}},"24":{"start":{"line":91,"column":8},"end":{"line":99,"column":10}},"25":{"start":{"line":98,"column":12},"end":{"line":98,"column":35}},"26":{"start":{"line":102,"column":8},"end":{"line":104,"column":63}},"27":{"start":{"line":105,"column":8},"end":{"line":105,"column":14}},"28":{"start":{"line":112,"column":8},"end":{"line":121,"column":10},"skip":true},"29":{"start":{"line":119,"column":12},"end":{"line":119,"column":55},"skip":true},"30":{"start":{"line":120,"column":12},"end":{"line":120,"column":48},"skip":true},"31":{"start":{"line":123,"column":8},"end":{"line":136,"column":10},"skip":true},"32":{"start":{"line":130,"column":12},"end":{"line":130,"column":76},"skip":true},"33":{"start":{"line":131,"column":12},"end":{"line":131,"column":73},"skip":true},"34":{"start":{"line":132,"column":12},"end":{"line":132,"column":74},"skip":true},"35":{"start":{"line":133,"column":12},"end":{"line":133,"column":79},"skip":true},"36":{"start":{"line":134,"column":12},"end":{"line":134,"column":25},"skip":true},"37":{"start":{"line":135,"column":12},"end":{"line":135,"column":45},"skip":true},"38":{"start":{"line":138,"column":8},"end":{"line":145,"column":14},"skip":true},"39":{"start":{"line":143,"column":16},"end":{"line":143,"column":29},"skip":true},"40":{"start":{"line":144,"column":16},"end":{"line":144,"column":55},"skip":true},"41":{"start":{"line":147,"column":8},"end":{"line":156,"column":10},"skip":true},"42":{"start":{"line":154,"column":12},"end":{"line":154,"column":25},"skip":true},"43":{"start":{"line":155,"column":12},"end":{"line":155,"column":45},"skip":true},"44":{"start":{"line":158,"column":8},"end":{"line":167,"column":10},"skip":true},"45":{"start":{"line":165,"column":12},"end":{"line":165,"column":25},"skip":true},"46":{"start":{"line":166,"column":12},"end":{"line":166,"column":48},"skip":true},"47":{"start":{"line":169,"column":8},"end":{"line":178,"column":10},"skip":true},"48":{"start":{"line":176,"column":12},"end":{"line":176,"column":25},"skip":true},"49":{"start":{"line":177,"column":12},"end":{"line":177,"column":46},"skip":true},"50":{"start":{"line":180,"column":8},"end":{"line":189,"column":10},"skip":true},"51":{"start":{"line":187,"column":12},"end":{"line":187,"column":94},"skip":true},"52":{"start":{"line":188,"column":12},"end":{"line":188,"column":48},"skip":true},"53":{"start":{"line":192,"column":8},"end":{"line":192,"column":35},"skip":true},"54":{"start":{"line":193,"column":8},"end":{"line":193,"column":14},"skip":true}},"branchMap":{"1":{"line":25,"type":"binary-expr","locations":[{"start":{"line":25,"column":23},"end":{"line":25,"column":62}},{"start":{"line":26,"column":20},"end":{"line":26,"column":70}},{"start":{"line":27,"column":20},"end":{"line":27,"column":71}},{"start":{"line":28,"column":20},"end":{"line":28,"column":29}}]},"2":{"line":30,"type":"binary-expr","locations":[{"start":{"line":30,"column":23},"end":{"line":30,"column":37}},{"start":{"line":31,"column":20},"end":{"line":31,"column":61}},{"start":{"line":32,"column":20},"end":{"line":32,"column":70}},{"start":{"line":33,"column":20},"end":{"line":33,"column":26}}]},"3":{"line":37,"type":"cond-expr","locations":[{"start":{"line":38,"column":14},"end":{"line":38,"column":20}},{"start":{"line":39,"column":14},"end":{"line":39,"column":20}}]},"4":{"line":40,"type":"switch","locations":[{"start":{"line":42,"column":8},"end":{"line":47,"column":18}},{"start":{"line":49,"column":8},"end":{"line":52,"column":18}}]},"5":{"line":44,"type":"binary-expr","locations":[{"start":{"line":44,"column":16},"end":{"line":44,"column":44}},{"start":{"line":44,"column":48},"end":{"line":44,"column":66}}]},"6":{"line":50,"type":"binary-expr","locations":[{"start":{"line":50,"column":21},"end":{"line":50,"column":49}},{"start":{"line":50,"column":53},"end":{"line":50,"column":72}}]},"7":{"line":64,"type":"switch","locations":[{"start":{"line":69,"column":4},"end":{"line":70,"column":14}},{"start":{"line":75,"column":4},"end":{"line":76,"column":14}}]},"8":{"line":85,"type":"switch","locations":[{"start":{"line":90,"column":4},"end":{"line":105,"column":14}},{"start":{"line":111,"column":4},"end":{"line":193,"column":14},"skip":true}]},"9":{"line":91,"type":"binary-expr","locations":[{"start":{"line":91,"column":42},"end":{"line":91,"column":73}},{"start":{"line":91,"column":77},"end":{"line":99,"column":9}}]},"10":{"line":102,"type":"binary-expr","locations":[{"start":{"line":102,"column":18},"end":{"line":102,"column":32}},{"start":{"line":103,"column":12},"end":{"line":103,"column":53}},{"start":{"line":104,"column":12},"end":{"line":104,"column":61}}]},"11":{"line":112,"type":"binary-expr","locations":[{"start":{"line":112,"column":45},"end":{"line":112,"column":79},"skip":true},{"start":{"line":112,"column":83},"end":{"line":121,"column":9},"skip":true}]},"12":{"line":123,"type":"binary-expr","locations":[{"start":{"line":123,"column":42},"end":{"line":123,"column":73},"skip":true},{"start":{"line":123,"column":77},"end":{"line":136,"column":9},"skip":true}]},"13":{"line":138,"type":"binary-expr","locations":[{"start":{"line":138,"column":48},"end":{"line":138,"column":85},"skip":true},{"start":{"line":139,"column":12},"end":{"line":145,"column":13},"skip":true}]},"14":{"line":147,"type":"binary-expr","locations":[{"start":{"line":147,"column":42},"end":{"line":147,"column":73},"skip":true},{"start":{"line":147,"column":77},"end":{"line":156,"column":9},"skip":true}]},"15":{"line":158,"type":"binary-expr","locations":[{"start":{"line":158,"column":45},"end":{"line":158,"column":79},"skip":true},{"start":{"line":158,"column":83},"end":{"line":167,"column":9},"skip":true}]},"16":{"line":169,"type":"binary-expr","locations":[{"start":{"line":169,"column":43},"end":{"line":169,"column":75},"skip":true},{"start":{"line":169,"column":79},"end":{"line":178,"column":9},"skip":true}]},"17":{"line":180,"type":"binary-expr","locations":[{"start":{"line":180,"column":41},"end":{"line":180,"column":71},"skip":true},{"start":{"line":180,"column":75},"end":{"line":189,"column":9},"skip":true}]}},"code":["/* istanbul instrument in package npmtest_wordpress_rest_api */","/*jslint","    bitwise: true,","    browser: true,","    maxerr: 8,","    maxlen: 96,","    node: true,","    nomen: true,","    regexp: true,","    stupid: true","*/","(function () {","    'use strict';","    var local;","","","","    // run shared js-env code - pre-init","    (function () {","        // init local","        local = {};","        // init modeJs","        local.modeJs = (function () {","            try {","                return typeof navigator.userAgent === 'string' &&","                    typeof document.querySelector('body') === 'object' &&","                    typeof XMLHttpRequest.prototype.open === 'function' &&","                    'browser';","            } catch (errorCaughtBrowser) {","                return module.exports &&","                    typeof process.versions.node === 'string' &&","                    typeof require('http').createServer === 'function' &&","                    'node';","            }","        }());","        // init global","        local.global = local.modeJs === 'browser'","            ? window","            : global;","        switch (local.modeJs) {","        // re-init local from window.local","        case 'browser':","            local = local.global.utility2.objectSetDefault(","                local.global.utility2_rollup || local.global.local,","                local.global.utility2","            );","            break;","        // re-init local from example.js","        case 'node':","            local = (local.global.utility2_rollup || require('utility2'))","                .requireExampleJsFromReadme();","            break;","        }","        // export local","        local.global.local = local;","    }());","","","","    // run shared js-env code - function","    (function () {","        return;","    }());","    switch (local.modeJs) {","","","","    // run browser js-env code - function","    case 'browser':","        break;","","","","    // run node js-env code - function","    case 'node':","        break;","    }","","","","    // run shared js-env code - post-init","    (function () {","        return;","    }());","    switch (local.modeJs) {","","","","    // run browser js-env code - post-init","    case 'browser':","        local.testCase_browser_nullCase = local.testCase_browser_nullCase || function (","            options,","            onError","        ) {","        /*","         * this function will test browsers's null-case handling-behavior-behavior","         */","            onError(null, options);","        };","","        // run tests","        local.nop(local.modeTest &&","            document.querySelector('#testRunButton1') &&","            document.querySelector('#testRunButton1').click());","        break;","","","","    // run node js-env code - post-init","    /* istanbul ignore next */","    case 'node':","        local.testCase_buildApidoc_default = local.testCase_buildApidoc_default || function (","            options,","            onError","        ) {","        /*","         * this function will test buildApidoc's default handling-behavior-behavior","         */","            options = { modulePathList: module.paths };","            local.buildApidoc(options, onError);","        };","","        local.testCase_buildApp_default = local.testCase_buildApp_default || function (","            options,","            onError","        ) {","        /*","         * this function will test buildApp's default handling-behavior-behavior","         */","            local.testCase_buildReadme_default(options, local.onErrorThrow);","            local.testCase_buildLib_default(options, local.onErrorThrow);","            local.testCase_buildTest_default(options, local.onErrorThrow);","            local.testCase_buildCustomOrg_default(options, local.onErrorThrow);","            options = [];","            local.buildApp(options, onError);","        };","","        local.testCase_buildCustomOrg_default = local.testCase_buildCustomOrg_default ||","            function (options, onError) {","            /*","             * this function will test buildCustomOrg's default handling-behavior","             */","                options = {};","                local.buildCustomOrg(options, onError);","            };","","        local.testCase_buildLib_default = local.testCase_buildLib_default || function (","            options,","            onError","        ) {","        /*","         * this function will test buildLib's default handling-behavior","         */","            options = {};","            local.buildLib(options, onError);","        };","","        local.testCase_buildReadme_default = local.testCase_buildReadme_default || function (","            options,","            onError","        ) {","        /*","         * this function will test buildReadme's default handling-behavior-behavior","         */","            options = {};","            local.buildReadme(options, onError);","        };","","        local.testCase_buildTest_default = local.testCase_buildTest_default || function (","            options,","            onError","        ) {","        /*","         * this function will test buildTest's default handling-behavior","         */","            options = {};","            local.buildTest(options, onError);","        };","","        local.testCase_webpage_default = local.testCase_webpage_default || function (","            options,","            onError","        ) {","        /*","         * this function will test webpage's default handling-behavior","         */","            options = { modeCoverageMerge: true, url: local.serverLocalHost + '?modeTest=1' };","            local.browserTest(options, onError);","        };","","        // run test-server","        local.testRunServer(local);","        break;","    }","}());",""],"l":{"12":2,"14":2,"19":2,"21":2,"23":2,"24":2,"25":2,"30":1,"37":2,"40":2,"43":1,"47":1,"50":1,"52":1,"55":2,"61":2,"62":2,"64":2,"70":1,"76":1,"82":2,"83":2,"85":2,"91":1,"98":1,"102":1,"105":1,"112":1,"119":1,"120":1,"123":1,"130":1,"131":1,"132":1,"133":1,"134":1,"135":1,"138":1,"143":2,"144":2,"147":1,"154":2,"155":2,"158":1,"165":2,"166":2,"169":1,"176":2,"177":2,"180":1,"187":1,"188":1,"192":1,"193":1}},"/home/travis/build/npmtest/node-npmtest-wordpress-rest-api/lib.npmtest_wordpress_rest_api.js":{"path":"/home/travis/build/npmtest/node-npmtest-wordpress-rest-api/lib.npmtest_wordpress_rest_api.js","s":{"1":2,"2":2,"3":2,"4":2,"5":2,"6":2,"7":2,"8":1,"9":2,"10":2,"11":2,"12":2,"13":1,"14":1,"15":1,"16":1},"b":{"1":[2,1,1,1],"2":[1,1,1,1],"3":[1,1],"4":[2,2],"5":[1,1]},"f":{"1":2,"2":2,"3":2},"fnMap":{"1":{"name":"(anonymous_1)","line":12,"loc":{"start":{"line":12,"column":1},"end":{"line":12,"column":13}}},"2":{"name":"(anonymous_2)","line":19,"loc":{"start":{"line":19,"column":5},"end":{"line":19,"column":17}}},"3":{"name":"(anonymous_3)","line":23,"loc":{"start":{"line":23,"column":24},"end":{"line":23,"column":36}}}},"statementMap":{"1":{"start":{"line":12,"column":0},"end":{"line":53,"column":5}},"2":{"start":{"line":14,"column":4},"end":{"line":14,"column":14}},"3":{"start":{"line":19,"column":4},"end":{"line":52,"column":9}},"4":{"start":{"line":21,"column":8},"end":{"line":21,"column":19}},"5":{"start":{"line":23,"column":8},"end":{"line":35,"column":13}},"6":{"start":{"line":24,"column":12},"end":{"line":34,"column":13}},"7":{"start":{"line":25,"column":16},"end":{"line":28,"column":30}},"8":{"start":{"line":30,"column":16},"end":{"line":33,"column":27}},"9":{"start":{"line":37,"column":8},"end":{"line":39,"column":21}},"10":{"start":{"line":41,"column":8},"end":{"line":41,"column":54}},"11":{"start":{"line":43,"column":8},"end":{"line":43,"column":63}},"12":{"start":{"line":45,"column":8},"end":{"line":51,"column":9}},"13":{"start":{"line":46,"column":12},"end":{"line":46,"column":69}},"14":{"start":{"line":48,"column":12},"end":{"line":48,"column":35}},"15":{"start":{"line":49,"column":12},"end":{"line":49,"column":49}},"16":{"start":{"line":50,"column":12},"end":{"line":50,"column":43}}},"branchMap":{"1":{"line":25,"type":"binary-expr","locations":[{"start":{"line":25,"column":23},"end":{"line":25,"column":62}},{"start":{"line":26,"column":20},"end":{"line":26,"column":70}},{"start":{"line":27,"column":20},"end":{"line":27,"column":71}},{"start":{"line":28,"column":20},"end":{"line":28,"column":29}}]},"2":{"line":30,"type":"binary-expr","locations":[{"start":{"line":30,"column":23},"end":{"line":30,"column":37}},{"start":{"line":31,"column":20},"end":{"line":31,"column":61}},{"start":{"line":32,"column":20},"end":{"line":32,"column":70}},{"start":{"line":33,"column":20},"end":{"line":33,"column":26}}]},"3":{"line":37,"type":"cond-expr","locations":[{"start":{"line":38,"column":14},"end":{"line":38,"column":20}},{"start":{"line":39,"column":14},"end":{"line":39,"column":20}}]},"4":{"line":41,"type":"binary-expr","locations":[{"start":{"line":41,"column":16},"end":{"line":41,"column":44}},{"start":{"line":41,"column":48},"end":{"line":41,"column":53}}]},"5":{"line":45,"type":"if","locations":[{"start":{"line":45,"column":8},"end":{"line":45,"column":8}},{"start":{"line":45,"column":8},"end":{"line":45,"column":8}}]}},"code":["/* istanbul instrument in package npmtest_wordpress_rest_api */","/*jslint","    bitwise: true,","    browser: true,","    maxerr: 8,","    maxlen: 96,","    node: true,","    nomen: true,","    regexp: true,","    stupid: true","*/","(function () {","    'use strict';","    var local;","","","","    // run shared js-env code - pre-init","    (function () {","        // init local","        local = {};","        // init modeJs","        local.modeJs = (function () {","            try {","                return typeof navigator.userAgent === 'string' &&","                    typeof document.querySelector('body') === 'object' &&","                    typeof XMLHttpRequest.prototype.open === 'function' &&","                    'browser';","            } catch (errorCaughtBrowser) {","                return module.exports &&","                    typeof process.versions.node === 'string' &&","                    typeof require('http').createServer === 'function' &&","                    'node';","            }","        }());","        // init global","        local.global = local.modeJs === 'browser'","            ? window","            : global;","        // init utility2_rollup","        local = local.global.utility2_rollup || local;","        // init lib","        local.local = local.npmtest_wordpress_rest_api = local;","        // init exports","        if (local.modeJs === 'browser') {","            local.global.utility2_npmtest_wordpress_rest_api = local;","        } else {","            module.exports = local;","            module.exports.__dirname = __dirname;","            module.exports.module = module;","        }","    }());","}());",""],"l":{"12":2,"14":2,"19":2,"21":2,"23":2,"24":2,"25":2,"30":1,"37":2,"41":2,"43":2,"45":2,"46":1,"48":1,"49":1,"50":1}},"/home/travis/build/npmtest/node-npmtest-wordpress-rest-api/example.js":{"path":"/home/travis/build/npmtest/node-npmtest-wordpress-rest-api/example.js","s":{"1":2,"2":2,"3":2,"4":2,"5":2,"6":2,"7":2,"8":1,"9":2,"10":2,"11":2,"12":2,"13":1,"14":2,"15":2,"16":2,"17":2,"18":2,"19":0,"20":2,"21":1,"22":1,"23":1,"24":1,"25":1,"26":0,"27":0,"28":1,"29":1,"30":2,"31":0,"32":0,"33":0,"34":1,"35":2,"36":2,"37":3,"38":3,"39":3,"40":3,"41":0,"42":3,"43":3,"44":3,"45":1,"46":3,"47":1,"48":1,"49":1,"50":1,"51":1,"52":1,"53":1,"54":1,"55":1,"56":1,"57":0,"58":1,"59":6,"60":6,"61":1,"62":2,"63":0,"64":2,"65":1,"66":1,"67":0,"68":0,"69":0,"70":0,"71":0,"72":0,"73":0,"74":0,"75":0,"76":0,"77":0,"78":0,"79":0,"80":0,"81":0,"82":0,"83":0},"b":{"1":[2,1,1,1],"2":[1,1,1,1],"3":[1,1],"4":[2,2],"5":[1,1],"6":[1,1],"7":[2,0],"8":[2,1,1,1,1,1],"9":[0,2,0],"10":[1,1],"11":[2,1,1],"12":[1,0],"13":[0,2],"14":[2,0,0,0,0,0,0],"15":[0,3],"16":[3,0],"17":[1,1],"18":[0,1],"19":[1,2,0,2],"20":[1,0],"21":[1,1],"22":[0,0],"23":[0,0],"24":[0,0],"25":[0,0],"26":[0,0],"27":[0,0],"28":[0,0]},"f":{"1":2,"2":2,"3":2,"4":2,"5":2,"6":2,"7":3,"8":3,"9":3,"10":1,"11":6,"12":0},"fnMap":{"1":{"name":"(anonymous_1)","line":26,"loc":{"start":{"line":26,"column":1},"end":{"line":26,"column":13}}},"2":{"name":"(anonymous_2)","line":33,"loc":{"start":{"line":33,"column":5},"end":{"line":33,"column":17}}},"3":{"name":"(anonymous_3)","line":37,"loc":{"start":{"line":37,"column":24},"end":{"line":37,"column":36}}},"4":{"name":"(anonymous_4)","line":69,"loc":{"start":{"line":69,"column":31},"end":{"line":69,"column":48}},"skip":true},"5":{"name":"(anonymous_5)","line":78,"loc":{"start":{"line":78,"column":26},"end":{"line":78,"column":45}},"skip":true},"6":{"name":"(anonymous_6)","line":123,"loc":{"start":{"line":123,"column":33},"end":{"line":123,"column":48}},"skip":true},"7":{"name":"(anonymous_7)","line":125,"loc":{"start":{"line":125,"column":27},"end":{"line":125,"column":39}},"skip":true},"8":{"name":"(anonymous_8)","line":133,"loc":{"start":{"line":133,"column":59},"end":{"line":133,"column":74}},"skip":true},"9":{"name":"(anonymous_9)","line":143,"loc":{"start":{"line":143,"column":45},"end":{"line":143,"column":62}},"skip":true},"10":{"name":"(anonymous_10)","line":144,"loc":{"start":{"line":144,"column":73},"end":{"line":144,"column":92}},"skip":true},"11":{"name":"(anonymous_11)","line":272,"loc":{"start":{"line":272,"column":51},"end":{"line":272,"column":77}},"skip":true},"12":{"name":"(anonymous_12)","line":315,"loc":{"start":{"line":315,"column":32},"end":{"line":315,"column":61}},"skip":true}},"statementMap":{"1":{"start":{"line":26,"column":0},"end":{"line":326,"column":5}},"2":{"start":{"line":28,"column":4},"end":{"line":28,"column":14}},"3":{"start":{"line":33,"column":4},"end":{"line":60,"column":9}},"4":{"start":{"line":35,"column":8},"end":{"line":35,"column":19}},"5":{"start":{"line":37,"column":8},"end":{"line":49,"column":13}},"6":{"start":{"line":38,"column":12},"end":{"line":48,"column":13}},"7":{"start":{"line":39,"column":16},"end":{"line":42,"column":30}},"8":{"start":{"line":44,"column":16},"end":{"line":47,"column":27}},"9":{"start":{"line":51,"column":8},"end":{"line":53,"column":21}},"10":{"start":{"line":55,"column":8},"end":{"line":57,"column":45}},"11":{"start":{"line":59,"column":8},"end":{"line":59,"column":35}},"12":{"start":{"line":61,"column":4},"end":{"line":325,"column":5}},"13":{"start":{"line":69,"column":8},"end":{"line":121,"column":10},"skip":true},"14":{"start":{"line":70,"column":12},"end":{"line":88,"column":13},"skip":true},"15":{"start":{"line":76,"column":16},"end":{"line":87,"column":19},"skip":true},"16":{"start":{"line":79,"column":20},"end":{"line":86,"column":21},"skip":true},"17":{"start":{"line":82,"column":24},"end":{"line":82,"column":43},"skip":true},"18":{"start":{"line":83,"column":24},"end":{"line":83,"column":30},"skip":true},"19":{"start":{"line":85,"column":24},"end":{"line":85,"column":49},"skip":true},"20":{"start":{"line":89,"column":12},"end":{"line":107,"column":13},"skip":true},"21":{"start":{"line":92,"column":16},"end":{"line":102,"column":17},"skip":true},"22":{"start":{"line":93,"column":20},"end":{"line":93,"column":86},"skip":true},"23":{"start":{"line":94,"column":20},"end":{"line":95,"column":45},"skip":true},"24":{"start":{"line":96,"column":20},"end":{"line":96,"column":42},"skip":true},"25":{"start":{"line":97,"column":20},"end":{"line":97,"column":48},"skip":true},"26":{"start":{"line":100,"column":20},"end":{"line":100,"column":85},"skip":true},"27":{"start":{"line":101,"column":20},"end":{"line":101,"column":96},"skip":true},"28":{"start":{"line":103,"column":16},"end":{"line":103,"column":22},"skip":true},"29":{"start":{"line":106,"column":16},"end":{"line":106,"column":22},"skip":true},"30":{"start":{"line":108,"column":12},"end":{"line":120,"column":13},"skip":true},"31":{"start":{"line":114,"column":16},"end":{"line":119,"column":17},"skip":true},"32":{"start":{"line":116,"column":20},"end":{"line":116,"column":78},"skip":true},"33":{"start":{"line":118,"column":20},"end":{"line":118,"column":47},"skip":true},"34":{"start":{"line":123,"column":8},"end":{"line":141,"column":11},"skip":true},"35":{"start":{"line":124,"column":12},"end":{"line":124,"column":54},"skip":true},"36":{"start":{"line":125,"column":12},"end":{"line":140,"column":14},"skip":true},"37":{"start":{"line":126,"column":16},"end":{"line":126,"column":28},"skip":true},"38":{"start":{"line":127,"column":16},"end":{"line":127,"column":69},"skip":true},"39":{"start":{"line":128,"column":16},"end":{"line":128,"column":75},"skip":true},"40":{"start":{"line":129,"column":16},"end":{"line":131,"column":17},"skip":true},"41":{"start":{"line":130,"column":20},"end":{"line":130,"column":27},"skip":true},"42":{"start":{"line":133,"column":16},"end":{"line":137,"column":36},"skip":true},"43":{"start":{"line":134,"column":20},"end":{"line":136,"column":55},"skip":true},"44":{"start":{"line":139,"column":16},"end":{"line":139,"column":57},"skip":true},"45":{"start":{"line":143,"column":8},"end":{"line":147,"column":11},"skip":true},"46":{"start":{"line":144,"column":12},"end":{"line":146,"column":15},"skip":true},"47":{"start":{"line":145,"column":16},"end":{"line":145,"column":70},"skip":true},"48":{"start":{"line":149,"column":8},"end":{"line":149,"column":31},"skip":true},"49":{"start":{"line":150,"column":8},"end":{"line":150,"column":14},"skip":true},"50":{"start":{"line":158,"column":8},"end":{"line":158,"column":31},"skip":true},"51":{"start":{"line":160,"column":8},"end":{"line":160,"column":33},"skip":true},"52":{"start":{"line":161,"column":8},"end":{"line":161,"column":37},"skip":true},"53":{"start":{"line":162,"column":8},"end":{"line":162,"column":35},"skip":true},"54":{"start":{"line":164,"column":8},"end":{"line":164,"column":50},"skip":true},"55":{"start":{"line":166,"column":8},"end":{"line":256,"column":2},"skip":true},"56":{"start":{"line":258,"column":8},"end":{"line":286,"column":9},"skip":true},"57":{"start":{"line":259,"column":12},"end":{"line":269,"column":14},"skip":true},"58":{"start":{"line":271,"column":12},"end":{"line":285,"column":19},"skip":true},"59":{"start":{"line":274,"column":20},"end":{"line":274,"column":35},"skip":true},"60":{"start":{"line":275,"column":20},"end":{"line":284,"column":21},"skip":true},"61":{"start":{"line":277,"column":24},"end":{"line":277,"column":64},"skip":true},"62":{"start":{"line":279,"column":24},"end":{"line":279,"column":40},"skip":true},"63":{"start":{"line":281,"column":24},"end":{"line":281,"column":40},"skip":true},"64":{"start":{"line":283,"column":24},"end":{"line":283,"column":39},"skip":true},"65":{"start":{"line":288,"column":8},"end":{"line":290,"column":9},"skip":true},"66":{"start":{"line":289,"column":12},"end":{"line":289,"column":18},"skip":true},"67":{"start":{"line":291,"column":8},"end":{"line":293,"column":54},"skip":true},"68":{"start":{"line":296,"column":8},"end":{"line":301,"column":37},"skip":true},"69":{"start":{"line":303,"column":8},"end":{"line":303,"column":82},"skip":true},"70":{"start":{"line":306,"column":8},"end":{"line":308,"column":9},"skip":true},"71":{"start":{"line":307,"column":12},"end":{"line":307,"column":82},"skip":true},"72":{"start":{"line":310,"column":8},"end":{"line":312,"column":9},"skip":true},"73":{"start":{"line":311,"column":12},"end":{"line":311,"column":18},"skip":true},"74":{"start":{"line":313,"column":8},"end":{"line":313,"column":54},"skip":true},"75":{"start":{"line":314,"column":8},"end":{"line":314,"column":69},"skip":true},"76":{"start":{"line":315,"column":8},"end":{"line":323,"column":36},"skip":true},"77":{"start":{"line":316,"column":12},"end":{"line":316,"column":61},"skip":true},"78":{"start":{"line":317,"column":12},"end":{"line":320,"column":13},"skip":true},"79":{"start":{"line":318,"column":16},"end":{"line":318,"column":75},"skip":true},"80":{"start":{"line":319,"column":16},"end":{"line":319,"column":23},"skip":true},"81":{"start":{"line":321,"column":12},"end":{"line":321,"column":38},"skip":true},"82":{"start":{"line":322,"column":12},"end":{"line":322,"column":27},"skip":true},"83":{"start":{"line":324,"column":8},"end":{"line":324,"column":14},"skip":true}},"branchMap":{"1":{"line":39,"type":"binary-expr","locations":[{"start":{"line":39,"column":23},"end":{"line":39,"column":62}},{"start":{"line":40,"column":20},"end":{"line":40,"column":70}},{"start":{"line":41,"column":20},"end":{"line":41,"column":71}},{"start":{"line":42,"column":20},"end":{"line":42,"column":29}}]},"2":{"line":44,"type":"binary-expr","locations":[{"start":{"line":44,"column":23},"end":{"line":44,"column":37}},{"start":{"line":45,"column":20},"end":{"line":45,"column":61}},{"start":{"line":46,"column":20},"end":{"line":46,"column":70}},{"start":{"line":47,"column":20},"end":{"line":47,"column":26}}]},"3":{"line":51,"type":"cond-expr","locations":[{"start":{"line":52,"column":14},"end":{"line":52,"column":20}},{"start":{"line":53,"column":14},"end":{"line":53,"column":20}}]},"4":{"line":55,"type":"binary-expr","locations":[{"start":{"line":55,"column":16},"end":{"line":55,"column":44}},{"start":{"line":55,"column":49},"end":{"line":57,"column":43}}]},"5":{"line":55,"type":"cond-expr","locations":[{"start":{"line":56,"column":14},"end":{"line":56,"column":62}},{"start":{"line":57,"column":14},"end":{"line":57,"column":43}}]},"6":{"line":61,"type":"switch","locations":[{"start":{"line":68,"column":4},"end":{"line":150,"column":14},"skip":true},{"start":{"line":156,"column":4},"end":{"line":324,"column":14},"skip":true}]},"7":{"line":70,"type":"if","locations":[{"start":{"line":70,"column":12},"end":{"line":70,"column":12},"skip":true},{"start":{"line":70,"column":12},"end":{"line":70,"column":12},"skip":true}]},"8":{"line":70,"type":"binary-expr","locations":[{"start":{"line":70,"column":16},"end":{"line":70,"column":22},"skip":true},{"start":{"line":70,"column":27},"end":{"line":70,"column":32},"skip":true},{"start":{"line":71,"column":20},"end":{"line":71,"column":39},"skip":true},{"start":{"line":72,"column":20},"end":{"line":72,"column":49},"skip":true},{"start":{"line":73,"column":20},"end":{"line":73,"column":58},"skip":true},{"start":{"line":74,"column":20},"end":{"line":74,"column":69},"skip":true}]},"9":{"line":79,"type":"switch","locations":[{"start":{"line":80,"column":20},"end":{"line":80,"column":33},"skip":true},{"start":{"line":81,"column":20},"end":{"line":83,"column":30},"skip":true},{"start":{"line":84,"column":20},"end":{"line":85,"column":49},"skip":true}]},"10":{"line":89,"type":"switch","locations":[{"start":{"line":90,"column":12},"end":{"line":103,"column":22},"skip":true},{"start":{"line":105,"column":12},"end":{"line":106,"column":22},"skip":true}]},"11":{"line":89,"type":"binary-expr","locations":[{"start":{"line":89,"column":20},"end":{"line":89,"column":25},"skip":true},{"start":{"line":89,"column":29},"end":{"line":89,"column":48},"skip":true},{"start":{"line":89,"column":52},"end":{"line":89,"column":74},"skip":true}]},"12":{"line":92,"type":"if","locations":[{"start":{"line":92,"column":16},"end":{"line":92,"column":16},"skip":true},{"start":{"line":92,"column":16},"end":{"line":92,"column":16},"skip":true}]},"13":{"line":108,"type":"if","locations":[{"start":{"line":108,"column":12},"end":{"line":108,"column":12},"skip":true},{"start":{"line":108,"column":12},"end":{"line":108,"column":12},"skip":true}]},"14":{"line":108,"type":"binary-expr","locations":[{"start":{"line":108,"column":16},"end":{"line":108,"column":61},"skip":true},{"start":{"line":108,"column":66},"end":{"line":108,"column":72},"skip":true},{"start":{"line":108,"column":77},"end":{"line":108,"column":82},"skip":true},{"start":{"line":109,"column":20},"end":{"line":109,"column":39},"skip":true},{"start":{"line":110,"column":20},"end":{"line":110,"column":49},"skip":true},{"start":{"line":111,"column":20},"end":{"line":111,"column":58},"skip":true},{"start":{"line":112,"column":20},"end":{"line":112,"column":68},"skip":true}]},"15":{"line":129,"type":"if","locations":[{"start":{"line":129,"column":16},"end":{"line":129,"column":16},"skip":true},{"start":{"line":129,"column":16},"end":{"line":129,"column":16},"skip":true}]},"16":{"line":134,"type":"cond-expr","locations":[{"start":{"line":135,"column":26},"end":{"line":135,"column":29},"skip":true},{"start":{"line":136,"column":26},"end":{"line":136,"column":54},"skip":true}]},"17":{"line":164,"type":"binary-expr","locations":[{"start":{"line":164,"column":27},"end":{"line":164,"column":43},"skip":true},{"start":{"line":164,"column":47},"end":{"line":164,"column":49},"skip":true}]},"18":{"line":258,"type":"if","locations":[{"start":{"line":258,"column":8},"end":{"line":258,"column":8},"skip":true},{"start":{"line":258,"column":8},"end":{"line":258,"column":8},"skip":true}]},"19":{"line":275,"type":"switch","locations":[{"start":{"line":276,"column":20},"end":{"line":277,"column":64},"skip":true},{"start":{"line":278,"column":20},"end":{"line":279,"column":40},"skip":true},{"start":{"line":280,"column":20},"end":{"line":281,"column":40},"skip":true},{"start":{"line":282,"column":20},"end":{"line":283,"column":39},"skip":true}]},"20":{"line":288,"type":"if","locations":[{"start":{"line":288,"column":8},"end":{"line":288,"column":8},"skip":true},{"start":{"line":288,"column":8},"end":{"line":288,"column":8},"skip":true}]},"21":{"line":288,"type":"binary-expr","locations":[{"start":{"line":288,"column":12},"end":{"line":288,"column":40},"skip":true},{"start":{"line":288,"column":44},"end":{"line":288,"column":67},"skip":true}]},"22":{"line":292,"type":"binary-expr","locations":[{"start":{"line":292,"column":12},"end":{"line":292,"column":50},"skip":true},{"start":{"line":293,"column":12},"end":{"line":293,"column":53},"skip":true}]},"23":{"line":297,"type":"binary-expr","locations":[{"start":{"line":297,"column":12},"end":{"line":297,"column":76},"skip":true},{"start":{"line":298,"column":12},"end":{"line":301,"column":36},"skip":true}]},"24":{"line":303,"type":"binary-expr","locations":[{"start":{"line":303,"column":43},"end":{"line":303,"column":75},"skip":true},{"start":{"line":303,"column":79},"end":{"line":303,"column":81},"skip":true}]},"25":{"line":306,"type":"if","locations":[{"start":{"line":306,"column":8},"end":{"line":306,"column":8},"skip":true},{"start":{"line":306,"column":8},"end":{"line":306,"column":8},"skip":true}]},"26":{"line":310,"type":"if","locations":[{"start":{"line":310,"column":8},"end":{"line":310,"column":8},"skip":true},{"start":{"line":310,"column":8},"end":{"line":310,"column":8},"skip":true}]},"27":{"line":313,"type":"binary-expr","locations":[{"start":{"line":313,"column":27},"end":{"line":313,"column":43},"skip":true},{"start":{"line":313,"column":47},"end":{"line":313,"column":53},"skip":true}]},"28":{"line":317,"type":"if","locations":[{"start":{"line":317,"column":12},"end":{"line":317,"column":12},"skip":true},{"start":{"line":317,"column":12},"end":{"line":317,"column":12},"skip":true}]}},"code":["/*","example.js","","quickstart example","","instruction","    1. save this script as example.js","    2. run the shell command:","        $ npm install npmtest-wordpress-rest-api && PORT=8081 node example.js","    3. play with the browser-demo on http://127.0.0.1:8081","*/","","","","/* istanbul instrument in package npmtest_wordpress_rest_api */","/*jslint","    bitwise: true,","    browser: true,","    maxerr: 8,","    maxlen: 96,","    node: true,","    nomen: true,","    regexp: true,","    stupid: true","*/","(function () {","    'use strict';","    var local;","","","","    // run shared js-env code - pre-init","    (function () {","        // init local","        local = {};","        // init modeJs","        local.modeJs = (function () {","            try {","                return typeof navigator.userAgent === 'string' &&","                    typeof document.querySelector('body') === 'object' &&","                    typeof XMLHttpRequest.prototype.open === 'function' &&","                    'browser';","            } catch (errorCaughtBrowser) {","                return module.exports &&","                    typeof process.versions.node === 'string' &&","                    typeof require('http').createServer === 'function' &&","                    'node';","            }","        }());","        // init global","        local.global = local.modeJs === 'browser'","            ? window","            : global;","        // init utility2_rollup","        local = local.global.utility2_rollup || (local.modeJs === 'browser'","            ? local.global.utility2_npmtest_wordpress_rest_api","            : global.utility2_moduleExports);","        // export local","        local.global.local = local;","    }());","    switch (local.modeJs) {","","","","    // post-init","    // run browser js-env code - post-init","    /* istanbul ignore next */","    case 'browser':","        local.testRunBrowser = function (event) {","            if (!event || (event &&","                    event.currentTarget &&","                    event.currentTarget.className &&","                    event.currentTarget.className.includes &&","                    event.currentTarget.className.includes('onreset'))) {","                // reset output","                Array.from(","                    document.querySelectorAll('body > .resettable')","                ).forEach(function (element) {","                    switch (element.tagName) {","                    case 'INPUT':","                    case 'TEXTAREA':","                        element.value = '';","                        break;","                    default:","                        element.textContent = '';","                    }","                });","            }","            switch (event && event.currentTarget && event.currentTarget.id) {","            case 'testRunButton1':","                // show tests","                if (document.querySelector('#testReportDiv1').style.display === 'none') {","                    document.querySelector('#testReportDiv1').style.display = 'block';","                    document.querySelector('#testRunButton1').textContent =","                        'hide internal test';","                    local.modeTest = true;","                    local.testRunDefault(local);","                // hide tests","                } else {","                    document.querySelector('#testReportDiv1').style.display = 'none';","                    document.querySelector('#testRunButton1').textContent = 'run internal test';","                }","                break;","            // custom-case","            default:","                break;","            }","            if (document.querySelector('#inputTextareaEval1') && (!event || (event &&","                    event.currentTarget &&","                    event.currentTarget.className &&","                    event.currentTarget.className.includes &&","                    event.currentTarget.className.includes('oneval')))) {","                // try to eval input-code","                try {","                    /*jslint evil: true*/","                    eval(document.querySelector('#inputTextareaEval1').value);","                } catch (errorCaught) {","                    console.error(errorCaught);","                }","            }","        };","        // log stderr and stdout to #outputTextareaStdout1","        ['error', 'log'].forEach(function (key) {","            console[key + '_original'] = console[key];","            console[key] = function () {","                var element;","                console[key + '_original'].apply(console, arguments);","                element = document.querySelector('#outputTextareaStdout1');","                if (!element) {","                    return;","                }","                // append text to #outputTextareaStdout1","                element.value += Array.from(arguments).map(function (arg) {","                    return typeof arg === 'string'","                        ? arg","                        : JSON.stringify(arg, null, 4);","                }).join(' ') + '\\n';","                // scroll textarea to bottom","                element.scrollTop = element.scrollHeight;","            };","        });","        // init event-handling","        ['change', 'click', 'keyup'].forEach(function (event) {","            Array.from(document.querySelectorAll('.on' + event)).forEach(function (element) {","                element.addEventListener(event, local.testRunBrowser);","            });","        });","        // run tests","        local.testRunBrowser();","        break;","","","","    // run node js-env code - post-init","    /* istanbul ignore next */","    case 'node':","        // export local","        module.exports = local;","        // require modules","        local.fs = require('fs');","        local.http = require('http');","        local.url = require('url');","        // init assets","        local.assetsDict = local.assetsDict || {};","        /* jslint-ignore-begin */","        local.assetsDict['/assets.index.template.html'] = '\\","<!doctype html>\\n\\","<html lang=\"en\">\\n\\","<head>\\n\\","<meta charset=\"UTF-8\">\\n\\","<meta name=\"viewport\" content=\"width=device-width, initial-scale=1\">\\n\\","<title>{{env.npm_package_name}} (v{{env.npm_package_version}})</title>\\n\\","<style>\\n\\","/*csslint\\n\\","    box-sizing: false,\\n\\","    universal-selector: false\\n\\","*/\\n\\","* {\\n\\","    box-sizing: border-box;\\n\\","}\\n\\","body {\\n\\","    background: #dde;\\n\\","    font-family: Arial, Helvetica, sans-serif;\\n\\","    margin: 2rem;\\n\\","}\\n\\","body > * {\\n\\","    margin-bottom: 1rem;\\n\\","}\\n\\",".utility2FooterDiv {\\n\\","    margin-top: 20px;\\n\\","    text-align: center;\\n\\","}\\n\\","</style>\\n\\","<style>\\n\\","/*csslint\\n\\","*/\\n\\","textarea {\\n\\","    font-family: monospace;\\n\\","    height: 10rem;\\n\\","    width: 100%;\\n\\","}\\n\\","textarea[readonly] {\\n\\","    background: #ddd;\\n\\","}\\n\\","</style>\\n\\","</head>\\n\\","<body>\\n\\","<!-- utility2-comment\\n\\","<div id=\"ajaxProgressDiv1\" style=\"background: #d00; height: 2px; left: 0; margin: 0; padding: 0; position: fixed; top: 0; transition: background 0.5s, width 1.5s; width: 25%;\"></div>\\n\\","utility2-comment -->\\n\\","<h1>\\n\\","<!-- utility2-comment\\n\\","    <a\\n\\","        {{#if env.npm_package_homepage}}\\n\\","        href=\"{{env.npm_package_homepage}}\"\\n\\","        {{/if env.npm_package_homepage}}\\n\\","        target=\"_blank\"\\n\\","    >\\n\\","utility2-comment -->\\n\\","        {{env.npm_package_name}} (v{{env.npm_package_version}})\\n\\","<!-- utility2-comment\\n\\","    </a>\\n\\","utility2-comment -->\\n\\","</h1>\\n\\","<h3>{{env.npm_package_description}}</h3>\\n\\","<!-- utility2-comment\\n\\","<h4><a download href=\"assets.app.js\">download standalone app</a></h4>\\n\\","<button class=\"onclick onreset\" id=\"testRunButton1\">run internal test</button><br>\\n\\","<div id=\"testReportDiv1\" style=\"display: none;\"></div>\\n\\","utility2-comment -->\\n\\","\\n\\","\\n\\","\\n\\","<label>stderr and stdout</label>\\n\\","<textarea class=\"resettable\" id=\"outputTextareaStdout1\" readonly></textarea>\\n\\","<!-- utility2-comment\\n\\","{{#if isRollup}}\\n\\","<script src=\"assets.app.js\"></script>\\n\\","{{#unless isRollup}}\\n\\","utility2-comment -->\\n\\","<script src=\"assets.utility2.rollup.js\"></script>\\n\\","<script src=\"jsonp.utility2._stateInit?callback=window.utility2._stateInit\"></script>\\n\\","<script src=\"assets.npmtest_wordpress_rest_api.rollup.js\"></script>\\n\\","<script src=\"assets.example.js\"></script>\\n\\","<script src=\"assets.test.js\"></script>\\n\\","<!-- utility2-comment\\n\\","{{/if isRollup}}\\n\\","utility2-comment -->\\n\\","<div class=\"utility2FooterDiv\">\\n\\","    [ this app was created with\\n\\","    <a href=\"https://github.com/kaizhu256/node-utility2\" target=\"_blank\">utility2</a>\\n\\","    ]\\n\\","</div>\\n\\","</body>\\n\\","</html>\\n\\","';","        /* jslint-ignore-end */","        if (local.templateRender) {","            local.assetsDict['/'] = local.templateRender(","                local.assetsDict['/assets.index.template.html'],","                {","                    env: local.objectSetDefault(local.env, {","                        npm_package_description: 'the greatest app in the world!',","                        npm_package_name: 'my-app',","                        npm_package_nameAlias: 'my_app',","                        npm_package_version: '0.0.1'","                    })","                }","            );","        } else {","            local.assetsDict['/'] = local.assetsDict['/assets.index.template.html']","                .replace((/\\{\\{env\\.(\\w+?)\\}\\}/g), function (match0, match1) {","                    // jslint-hack","                    String(match0);","                    switch (match1) {","                    case 'npm_package_description':","                        return 'the greatest app in the world!';","                    case 'npm_package_name':","                        return 'my-app';","                    case 'npm_package_nameAlias':","                        return 'my_app';","                    case 'npm_package_version':","                        return '0.0.1';","                    }","                });","        }","        // run the cli","        if (local.global.utility2_rollup || module !== require.main) {","            break;","        }","        local.assetsDict['/assets.example.js'] =","            local.assetsDict['/assets.example.js'] ||","            local.fs.readFileSync(__filename, 'utf8');","        // bug-workaround - long $npm_package_buildCustomOrg","        /* jslint-ignore-begin */","        local.assetsDict['/assets.npmtest_wordpress_rest_api.rollup.js'] =","            local.assetsDict['/assets.npmtest_wordpress_rest_api.rollup.js'] ||","            local.fs.readFileSync(","                local.npmtest_wordpress_rest_api.__dirname + '/lib.npmtest_wordpress_rest_api.js',","                'utf8'","            ).replace((/^#!/), '//');","        /* jslint-ignore-end */","        local.assetsDict['/favicon.ico'] = local.assetsDict['/favicon.ico'] || '';","        // if $npm_config_timeout_exit exists,","        // then exit this process after $npm_config_timeout_exit ms","        if (Number(process.env.npm_config_timeout_exit)) {","            setTimeout(process.exit, Number(process.env.npm_config_timeout_exit));","        }","        // start server","        if (local.global.utility2_serverHttp1) {","            break;","        }","        process.env.PORT = process.env.PORT || '8081';","        console.error('server starting on port ' + process.env.PORT);","        local.http.createServer(function (request, response) {","            request.urlParsed = local.url.parse(request.url);","            if (local.assetsDict[request.urlParsed.pathname] !== undefined) {","                response.end(local.assetsDict[request.urlParsed.pathname]);","                return;","            }","            response.statusCode = 404;","            response.end();","        }).listen(process.env.PORT);","        break;","    }","}());",""],"l":{"26":2,"28":2,"33":2,"35":2,"37":2,"38":2,"39":2,"44":1,"51":2,"55":2,"59":2,"61":2,"69":1,"70":2,"76":2,"79":2,"82":2,"83":2,"85":1,"89":2,"92":1,"93":1,"94":1,"96":1,"97":1,"100":1,"101":1,"103":1,"106":1,"108":2,"114":1,"116":1,"118":1,"123":1,"124":2,"125":2,"126":3,"127":3,"128":3,"129":3,"130":1,"133":3,"134":3,"139":3,"143":1,"144":3,"145":1,"149":1,"150":1,"158":1,"160":1,"161":1,"162":1,"164":1,"166":1,"258":1,"259":1,"271":1,"274":6,"275":6,"277":1,"279":2,"281":1,"283":2,"288":1,"289":1,"291":1,"296":1,"303":1,"306":1,"307":1,"310":1,"311":1,"313":1,"314":1,"315":1,"316":1,"317":1,"318":1,"319":1,"321":1,"322":1,"324":1}},"/home/travis/build/npmtest/node-npmtest-wordpress-rest-api/node_modules/wordpress-rest-api/wp.js":{"path":"/home/travis/build/npmtest/node-npmtest-wordpress-rest-api/node_modules/wordpress-rest-api/wp.js","s":{"1":1,"2":1,"3":1,"4":1,"5":1,"6":1,"7":1,"8":1,"9":1,"10":1,"11":0,"12":0,"13":0,"14":0,"15":0,"16":0,"17":0,"18":0,"19":1,"20":0,"21":1,"22":0,"23":0,"24":1,"25":0,"26":0,"27":0,"28":0,"29":0,"30":1,"31":1,"32":1,"33":0,"34":0,"35":0,"36":0,"37":0,"38":0,"39":0,"40":0,"41":0,"42":0,"43":0,"44":0,"45":0,"46":0,"47":0,"48":0,"49":0,"50":0,"51":1,"52":0,"53":0,"54":0,"55":1,"56":0,"57":0,"58":0,"59":0,"60":0,"61":0,"62":0,"63":0,"64":0,"65":0,"66":0,"67":0,"68":1},"b":{"1":[0,0],"2":[0,0],"3":[0,0],"4":[0,0],"5":[0,0],"6":[0,0],"7":[0,0],"8":[0,0],"9":[0,0],"10":[0,0]},"f":{"1":0,"2":0,"3":0,"4":0,"5":0,"6":0,"7":0,"8":0,"9":0,"10":0,"11":0,"12":0,"13":0},"fnMap":{"1":{"name":"WP","line":59,"loc":{"start":{"line":59,"column":0},"end":{"line":59,"column":23}}},"2":{"name":"(anonymous_2)","line":115,"loc":{"start":{"line":115,"column":10},"end":{"line":115,"column":39}}},"3":{"name":"(anonymous_3)","line":136,"loc":{"start":{"line":136,"column":19},"end":{"line":136,"column":35}}},"4":{"name":"(anonymous_4)","line":151,"loc":{"start":{"line":151,"column":20},"end":{"line":151,"column":45}}},"5":{"name":"(anonymous_5)","line":184,"loc":{"start":{"line":184,"column":25},"end":{"line":184,"column":44}}},"6":{"name":"(anonymous_6)","line":206,"loc":{"start":{"line":206,"column":59},"end":{"line":206,"column":93}}},"7":{"name":"(anonymous_7)","line":210,"loc":{"start":{"line":210,"column":72},"end":{"line":210,"column":107}}},"8":{"name":"(anonymous_8)","line":225,"loc":{"start":{"line":225,"column":54},"end":{"line":225,"column":77}}},"9":{"name":"(anonymous_9)","line":250,"loc":{"start":{"line":250,"column":25},"end":{"line":250,"column":47}}},"10":{"name":"(anonymous_10)","line":269,"loc":{"start":{"line":269,"column":14},"end":{"line":269,"column":30}}},"11":{"name":"(anonymous_11)","line":275,"loc":{"start":{"line":275,"column":8},"end":{"line":275,"column":31}}},"12":{"name":"(anonymous_12)","line":282,"loc":{"start":{"line":282,"column":8},"end":{"line":282,"column":32}}},"13":{"name":"(anonymous_13)","line":289,"loc":{"start":{"line":289,"column":9},"end":{"line":289,"column":25}}}},"statementMap":{"1":{"start":{"line":19,"column":0},"end":{"line":19,"column":38}},"2":{"start":{"line":22,"column":0},"end":{"line":22,"column":74}},"3":{"start":{"line":23,"column":0},"end":{"line":23,"column":57}},"4":{"start":{"line":24,"column":0},"end":{"line":24,"column":79}},"5":{"start":{"line":29,"column":0},"end":{"line":29,"column":29}},"6":{"start":{"line":31,"column":0},"end":{"line":34,"column":2}},"7":{"start":{"line":36,"column":0},"end":{"line":36,"column":34}},"8":{"start":{"line":39,"column":0},"end":{"line":39,"column":53}},"9":{"start":{"line":42,"column":0},"end":{"line":42,"column":59}},"10":{"start":{"line":59,"column":0},"end":{"line":79,"column":1}},"11":{"start":{"line":62,"column":1},"end":{"line":64,"column":2}},"12":{"start":{"line":63,"column":2},"end":{"line":63,"column":27}},"13":{"start":{"line":67,"column":1},"end":{"line":67,"column":15}},"14":{"start":{"line":69,"column":1},"end":{"line":69,"column":49}},"15":{"start":{"line":71,"column":1},"end":{"line":73,"column":2}},"16":{"start":{"line":72,"column":2},"end":{"line":72,"column":76}},"17":{"start":{"line":76,"column":1},"end":{"line":76,"column":72}},"18":{"start":{"line":78,"column":1},"end":{"line":78,"column":52}},"19":{"start":{"line":115,"column":0},"end":{"line":120,"column":2}},"20":{"start":{"line":116,"column":1},"end":{"line":119,"column":4}},"21":{"start":{"line":136,"column":0},"end":{"line":141,"column":2}},"22":{"start":{"line":137,"column":1},"end":{"line":139,"column":4}},"23":{"start":{"line":140,"column":1},"end":{"line":140,"column":33}},"24":{"start":{"line":151,"column":0},"end":{"line":161,"column":2}},"25":{"start":{"line":152,"column":1},"end":{"line":152,"column":35}},"26":{"start":{"line":153,"column":1},"end":{"line":153,"column":43}},"27":{"start":{"line":155,"column":1},"end":{"line":155,"column":40}},"28":{"start":{"line":158,"column":1},"end":{"line":158,"column":39}},"29":{"start":{"line":160,"column":1},"end":{"line":160,"column":16}},"30":{"start":{"line":163,"column":0},"end":{"line":163,"column":45}},"31":{"start":{"line":166,"column":0},"end":{"line":166,"column":66}},"32":{"start":{"line":184,"column":0},"end":{"line":232,"column":2}},"33":{"start":{"line":185,"column":1},"end":{"line":185,"column":23}},"34":{"start":{"line":186,"column":1},"end":{"line":186,"column":34}},"35":{"start":{"line":188,"column":1},"end":{"line":198,"column":2}},"36":{"start":{"line":190,"column":2},"end":{"line":193,"column":3}},"37":{"start":{"line":191,"column":3},"end":{"line":191,"column":55}},"38":{"start":{"line":192,"column":3},"end":{"line":192,"column":77}},"39":{"start":{"line":194,"column":2},"end":{"line":194,"column":58}},"40":{"start":{"line":196,"column":2},"end":{"line":196,"column":47}},"41":{"start":{"line":197,"column":2},"end":{"line":197,"column":80}},"42":{"start":{"line":206,"column":1},"end":{"line":231,"column":11}},"43":{"start":{"line":207,"column":2},"end":{"line":207,"column":68}},"44":{"start":{"line":210,"column":2},"end":{"line":217,"column":6}},"45":{"start":{"line":211,"column":3},"end":{"line":211,"column":62}},"46":{"start":{"line":212,"column":3},"end":{"line":212,"column":21}},"47":{"start":{"line":224,"column":2},"end":{"line":228,"column":3}},"48":{"start":{"line":225,"column":3},"end":{"line":227,"column":6}},"49":{"start":{"line":226,"column":4},"end":{"line":226,"column":73}},"50":{"start":{"line":230,"column":2},"end":{"line":230,"column":20}},"51":{"start":{"line":250,"column":0},"end":{"line":255,"column":2}},"52":{"start":{"line":251,"column":1},"end":{"line":253,"column":2}},"53":{"start":{"line":252,"column":2},"end":{"line":252,"column":76}},"54":{"start":{"line":254,"column":1},"end":{"line":254,"column":30}},"55":{"start":{"line":269,"column":0},"end":{"line":299,"column":2}},"56":{"start":{"line":271,"column":1},"end":{"line":271,"column":14}},"57":{"start":{"line":273,"column":1},"end":{"line":298,"column":5}},"58":{"start":{"line":278,"column":3},"end":{"line":278,"column":25}},"59":{"start":{"line":279,"column":3},"end":{"line":279,"column":21}},"60":{"start":{"line":284,"column":3},"end":{"line":287,"column":6}},"61":{"start":{"line":290,"column":3},"end":{"line":290,"column":43}},"62":{"start":{"line":291,"column":3},"end":{"line":291,"column":24}},"63":{"start":{"line":292,"column":3},"end":{"line":296,"column":4}},"64":{"start":{"line":293,"column":4},"end":{"line":293,"column":69}},"65":{"start":{"line":294,"column":4},"end":{"line":294,"column":78}},"66":{"start":{"line":295,"column":4},"end":{"line":295,"column":35}},"67":{"start":{"line":297,"column":3},"end":{"line":297,"column":15}},"68":{"start":{"line":301,"column":0},"end":{"line":301,"column":20}}},"branchMap":{"1":{"line":62,"type":"if","locations":[{"start":{"line":62,"column":1},"end":{"line":62,"column":1}},{"start":{"line":62,"column":1},"end":{"line":62,"column":1}}]},"2":{"line":71,"type":"if","locations":[{"start":{"line":71,"column":1},"end":{"line":71,"column":1}},{"start":{"line":71,"column":1},"end":{"line":71,"column":1}}]},"3":{"line":78,"type":"binary-expr","locations":[{"start":{"line":78,"column":24},"end":{"line":78,"column":31}},{"start":{"line":78,"column":35},"end":{"line":78,"column":49}}]},"4":{"line":152,"type":"binary-expr","locations":[{"start":{"line":152,"column":16},"end":{"line":152,"column":28}},{"start":{"line":152,"column":32},"end":{"line":152,"column":34}}]},"5":{"line":188,"type":"if","locations":[{"start":{"line":188,"column":1},"end":{"line":188,"column":1}},{"start":{"line":188,"column":1},"end":{"line":188,"column":1}}]},"6":{"line":190,"type":"if","locations":[{"start":{"line":190,"column":2},"end":{"line":190,"column":2}},{"start":{"line":190,"column":2},"end":{"line":190,"column":2}}]},"7":{"line":213,"type":"binary-expr","locations":[{"start":{"line":213,"column":5},"end":{"line":213,"column":32}},{"start":{"line":213,"column":36},"end":{"line":217,"column":3}}]},"8":{"line":224,"type":"if","locations":[{"start":{"line":224,"column":2},"end":{"line":224,"column":2}},{"start":{"line":224,"column":2},"end":{"line":224,"column":2}}]},"9":{"line":251,"type":"if","locations":[{"start":{"line":251,"column":1},"end":{"line":251,"column":1}},{"start":{"line":251,"column":1},"end":{"line":251,"column":1}}]},"10":{"line":292,"type":"if","locations":[{"start":{"line":292,"column":3},"end":{"line":292,"column":3}},{"start":{"line":292,"column":3},"end":{"line":292,"column":3}}]}},"code":["/**"," * A WP REST API client for Node.js"," *"," * @example"," *     var wp = new WP({ endpoint: 'http://src.wordpress-develop.dev/wp-json' });"," *     wp.posts().then(function( posts ) {"," *         console.log( posts );"," *     }).catch(function( err ) {"," *         console.error( err );"," *     });"," *"," * @module WP"," * @main WP"," * @beta"," })"," */","'use strict';","","var extend = require( 'node.extend' );","","// All valid routes in API v2 beta 11","var defaultRoutes = require( './lib/data/endpoint-response.json' ).routes;","var buildRouteTree = require( './lib/route-tree' ).build;","var generateEndpointFactories = require( './lib/endpoint-factories' ).generate;","","// The default endpoint factories will be lazy-loaded by parsing the default","// route tree data if a default-mode WP instance is created (i.e. one that","// is to be bootstrapped with the handlers for all of the built-in routes)","var defaultEndpointFactories;","","var defaults = {","\tusername: '',","\tpassword: ''","};","","var apiDefaultNamespace = 'wp/v2';","","// Pull in autodiscovery methods","var autodiscovery = require( './lib/autodiscovery' );","","// Pull in base module constructors","var WPRequest = require( './lib/constructors/wp-request' );","","/**"," * The base constructor for the WP API service"," *"," * @class WP"," * @constructor"," * @uses WPRequest"," * @param {Object} options An options hash to configure the instance"," * @param {String} options.endpoint The URI for a WP-API endpoint"," * @param {String} [options.username] A WP-API Basic Auth username"," * @param {String} [options.password] A WP-API Basic Auth password"," * @param {Object} [options.routes]   A dictionary of API routes with which to"," *                                    bootstrap the WP instance: the instance will"," *                                    be initialized with default routes only"," *                                    if this property is omitted"," */","function WP( options ) {","","\t// Enforce `new`","\tif ( this instanceof WP === false ) {","\t\treturn new WP( options );","\t}","","\t// Dictionary to be filled by handlers for default namespaces","\tthis._ns = {};","","\tthis._options = extend( {}, defaults, options );","","\tif ( ! this._options.endpoint ) {","\t\tthrow new Error( 'options hash must contain an API endpoint URL string' );","\t}","","\t// Ensure trailing slash on endpoint URI","\tthis._options.endpoint = this._options.endpoint.replace( /\\/?$/, '/' );","","\treturn this.bootstrap( options && options.routes );","}","","/**"," * Convenience method for making a new WP instance"," *"," * @example"," * These are equivalent:"," *"," *     var wp = new WP({ endpoint: 'http://my.blog.url/wp-json' });"," *     var wp = WP.site( 'http://my.blog.url/wp-json' );"," *"," * `WP.site` can take an optional API root response JSON object to use when"," * bootstrapping the client's endpoint handler methods: if no second parameter"," * is provided, the client instance is assumed to be using the default API"," * with no additional plugins and is initialized with handlers for only those"," * default API routes."," *"," * @example"," * These are equivalent:"," *"," *     // {...} means the JSON output of http://my.blog.url/wp-json"," *     var wp = new WP({"," *       endpoint: 'http://my.blog.url/wp-json',"," *       json: {...}"," *     });"," *     var wp = WP.site( 'http://my.blog.url/wp-json', {...} );"," *"," * @method site"," * @static"," * @param {String} endpoint The URI for a WP-API endpoint"," * @param {Object} routes   The \"routes\" object from the JSON object returned"," *                          from the root API endpoint of a WP site, which should"," *                          be a dictionary of route definition objects keyed by"," *                          the route's regex pattern"," * @return {WP} A new WP instance, bound to the provided endpoint"," */","WP.site = function( endpoint, routes ) {","\treturn new WP({","\t\tendpoint: endpoint,","\t\troutes: routes","\t});","};","","/**"," * Generate a request against a completely arbitrary endpoint, with no assumptions about"," * or mutation of path, filtering, or query parameters. This request is not restricted to"," * the endpoint specified during WP object instantiation."," *"," * @example"," * Generate a request to the explicit URL \"http://your.website.com/wp-json/some/custom/path\""," *"," *     wp.url( 'http://your.website.com/wp-json/some/custom/path' ).get()..."," *"," * @method url"," * @param {String} url The URL to request"," * @return {WPRequest} A WPRequest object bound to the provided URL"," */","WP.prototype.url = function( url ) {","\tvar options = extend( {}, this._options, {","\t\tendpoint: url","\t});","\treturn new WPRequest( options );","};","","/**"," * Generate a query against an arbitrary path on the current endpoint. This is useful for"," * requesting resources at custom WP-API endpoints, such as WooCommerce's `/products`."," *"," * @method root"," * @param {String} [relativePath] An endpoint-relative path to which to bind the request"," * @return {WPRequest} A request object"," */","WP.prototype.root = function( relativePath ) {","\trelativePath = relativePath || '';","\tvar options = extend( {}, this._options );","\t// Request should be","\tvar request = new WPRequest( options );","","\t// Set the path template to the string passed in","\trequest._path = { '0': relativePath };","","\treturn request;","};","","WP.prototype.auth = WPRequest.prototype.auth;","","// Apply the registerRoute method to the prototype","WP.prototype.registerRoute = require( './lib/wp-register-route' );","","/**"," * Deduce request methods from a provided API root JSON response object's"," * routes dictionary, and assign those methods to the current instance. If"," * no routes dictionary is provided then the instance will be bootstrapped"," * with route handlers for the default API endpoints only."," *"," * This method is called automatically during WP instance creation."," *"," * @method bootstrap"," * @chainable"," * @param {Object} routes The \"routes\" object from the JSON object returned"," *                        from the root API endpoint of a WP site, which should"," *                        be a dictionary of route definition objects keyed by"," *                        the route's regex pattern"," * @return {WP} The bootstrapped WP client instance (for chaining or assignment)"," */","WP.prototype.bootstrap = function( routes ) {","\tvar routesByNamespace;","\tvar endpointFactoriesByNamespace;","","\tif ( ! routes ) {","\t\t// Auto-generate default endpoint factories if they are not already available","\t\tif ( ! defaultEndpointFactories ) {","\t\t\troutesByNamespace = buildRouteTree( defaultRoutes );","\t\t\tdefaultEndpointFactories = generateEndpointFactories( routesByNamespace );","\t\t}","\t\tendpointFactoriesByNamespace = defaultEndpointFactories;","\t} else {","\t\troutesByNamespace = buildRouteTree( routes );","\t\tendpointFactoriesByNamespace = generateEndpointFactories( routesByNamespace );","\t}","","\t// For each namespace for which routes were identified, store the generated","\t// route handlers on the WP instance's private _ns dictionary. These namespaced","\t// handler methods can be accessed by calling `.namespace( str )` on the","\t// client instance and passing a registered namespace string.","\t// Handlers for default (wp/v2) routes will also be assigned to the WP client","\t// instance object itself, for brevity.","\treturn Object.keys( endpointFactoriesByNamespace ).reduce(function( wpInstance, namespace ) {","\t\tvar endpointFactories = endpointFactoriesByNamespace[ namespace ];","","\t\t// Set (or augment) the route handler factories for this namespace.","\t\twpInstance._ns[ namespace ] = Object.keys( endpointFactories ).reduce(function( nsHandlers, methodName ) {","\t\t\tnsHandlers[ methodName ] = endpointFactories[ methodName ];","\t\t\treturn nsHandlers;","\t\t}, wpInstance._ns[ namespace ] || {","\t\t\t// Create all namespace dictionaries with a direct reference to the main WP","\t\t\t// instance's _options property so that things like auth propagate properly","\t\t\t_options: wpInstance._options","\t\t} );","","\t\t// For the default namespace, e.g. \"wp/v2\" at the time this comment was","\t\t// written, ensure all methods are assigned to the root client object itself","\t\t// in addition to the private _ns dictionary: this is done so that these","\t\t// methods can be called with e.g. `wp.posts()` and not the more verbose","\t\t// `wp.namespace( 'wp/v2' ).posts()`.","\t\tif ( namespace === apiDefaultNamespace ) {","\t\t\tObject.keys( wpInstance._ns[ namespace ] ).forEach(function( methodName ) {","\t\t\t\twpInstance[ methodName ] = wpInstance._ns[ namespace ][ methodName ];","\t\t\t});","\t\t}","","\t\treturn wpInstance;","\t}, this );","};","","/**"," * Access API endpoint handlers from a particular API namespace object"," *"," * @example"," *"," *     wp.namespace( 'myplugin/v1' ).author()..."," *"," *     // Default WP endpoint handlers are assigned to the wp instance itself."," *     // These are equivalent:"," *     wp.namespace( 'wp/v2' ).posts()..."," *     wp.posts()..."," *"," * @param {string} namespace A namespace string"," * @returns {Object} An object of route endpoint handler methods for the"," * routes within the specified namespace"," */","WP.prototype.namespace = function( namespace ) {","\tif ( ! this._ns[ namespace ] ) {","\t\tthrow new Error( 'Error: namespace ' + namespace + ' is not recognized' );","\t}","\treturn this._ns[ namespace ];","};","","/**"," * Take an arbitrary WordPress site, deduce the WP REST API root endpoint, query"," * that endpoint, and parse the response JSON. Use the returned JSON response"," * to instantiate a WP instance bound to the provided site."," *"," * @method discover"," * @static"," * @param {string} url A URL within a WP endpoint"," * @return {Promise} A promise that resolves to a configured WP instance bound"," * to the deduced endpoint, or rejected if an endpoint is not found or the"," * library is unable to parse the provided endpoint."," */","WP.discover = function( url ) {","\t// local placeholder for API root URL","\tvar endpoint;","","\treturn autodiscovery.getAPIRootFromURL( url )","\t\t.then( autodiscovery.locateAPIRootHeader )","\t\t.then(function( apiRootURL ) {","\t\t\t// Set the function-scope variable that will be used to instantiate","\t\t\t// the bound WP instance, then pass the URL on","\t\t\tendpoint = apiRootURL;","\t\t\treturn apiRootURL;","\t\t})","\t\t.then( autodiscovery.getRootResponseJSON )","\t\t.then(function( apiRootJSON ) {","\t\t\t// Instantiate & bootstrap with the discovered methods","\t\t\treturn new WP({","\t\t\t\tendpoint: endpoint,","\t\t\t\troutes: apiRootJSON.routes","\t\t\t});","\t\t})","\t\t.catch(function( err ) {","\t\t\tconsole.error( 'Autodiscovery failed' );","\t\t\tconsole.error( err );","\t\t\tif ( endpoint ) {","\t\t\t\tconsole.warn( 'Endpoint detected, proceeding despite error...' );","\t\t\t\tconsole.warn( 'Binding to ' + endpoint + ' and assuming default routes' );","\t\t\t\treturn new WP.site( endpoint );","\t\t\t}","\t\t\treturn null;","\t\t});","};","","module.exports = WP;",""],"l":{"19":1,"22":1,"23":1,"24":1,"29":1,"31":1,"36":1,"39":1,"42":1,"59":1,"62":0,"63":0,"67":0,"69":0,"71":0,"72":0,"76":0,"78":0,"115":1,"116":0,"136":1,"137":0,"140":0,"151":1,"152":0,"153":0,"155":0,"158":0,"160":0,"163":1,"166":1,"184":1,"185":0,"186":0,"188":0,"190":0,"191":0,"192":0,"194":0,"196":0,"197":0,"206":0,"207":0,"210":0,"211":0,"212":0,"224":0,"225":0,"226":0,"230":0,"250":1,"251":0,"252":0,"254":0,"269":1,"271":0,"273":0,"278":0,"279":0,"284":0,"290":0,"291":0,"292":0,"293":0,"294":0,"295":0,"297":0,"301":1}},"/home/travis/build/npmtest/node-npmtest-wordpress-rest-api/node_modules/wordpress-rest-api/lib/route-tree.js":{"path":"/home/travis/build/npmtest/node-npmtest-wordpress-rest-api/node_modules/wordpress-rest-api/lib/route-tree.js","s":{"1":1,"2":1,"3":1,"4":0,"5":0,"6":0,"7":0,"8":0,"9":0,"10":0,"11":0,"12":0,"13":0,"14":0,"15":0,"16":0,"17":0,"18":0,"19":0,"20":0,"21":0,"22":0,"23":0,"24":0,"25":0,"26":0,"27":0,"28":0,"29":0,"30":0,"31":1,"32":0,"33":0,"34":0,"35":0,"36":0,"37":0,"38":0,"39":0,"40":0,"41":0,"42":0,"43":0,"44":0,"45":1,"46":0,"47":1},"b":{"1":[0,0],"2":[0,0],"3":[0,0],"4":[0,0],"5":[0,0],"6":[0,0],"7":[0,0],"8":[0,0],"9":[0,0],"10":[0,0],"11":[0,0],"12":[0,0],"13":[0,0],"14":[0,0],"15":[0,0],"16":[0,0],"17":[0,0],"18":[0,0],"19":[0,0],"20":[0,0,0]},"f":{"1":0,"2":0,"3":0,"4":0,"5":0,"6":0,"7":0,"8":0},"fnMap":{"1":{"name":"reduceRouteComponents","line":21,"loc":{"start":{"line":21,"column":0},"end":{"line":21,"column":94}}},"2":{"name":"(anonymous_2)","line":82,"loc":{"start":{"line":82,"column":25},"end":{"line":82,"column":43}}},"3":{"name":"(anonymous_3)","line":92,"loc":{"start":{"line":92,"column":65},"end":{"line":92,"column":81}}},"4":{"name":"(anonymous_4)","line":106,"loc":{"start":{"line":106,"column":30},"end":{"line":106,"column":51}}},"5":{"name":"(anonymous_5)","line":110,"loc":{"start":{"line":110,"column":29},"end":{"line":110,"column":48}}},"6":{"name":"(anonymous_6)","line":112,"loc":{"start":{"line":112,"column":43},"end":{"line":112,"column":62}}},"7":{"name":"reduceRouteTree","line":142,"loc":{"start":{"line":142,"column":0},"end":{"line":142,"column":54}}},"8":{"name":"buildRouteTree","line":186,"loc":{"start":{"line":186,"column":0},"end":{"line":186,"column":34}}}},"statementMap":{"1":{"start":{"line":3,"column":0},"end":{"line":3,"column":62}},"2":{"start":{"line":4,"column":0},"end":{"line":4,"column":40}},"3":{"start":{"line":21,"column":0},"end":{"line":130,"column":1}},"4":{"start":{"line":32,"column":1},"end":{"line":32,"column":54}},"5":{"start":{"line":36,"column":1},"end":{"line":36,"column":47}},"6":{"start":{"line":37,"column":1},"end":{"line":37,"column":50}},"7":{"start":{"line":48,"column":1},"end":{"line":48,"column":67}},"8":{"start":{"line":51,"column":1},"end":{"line":51,"column":52}},"9":{"start":{"line":55,"column":1},"end":{"line":59,"column":3}},"10":{"start":{"line":63,"column":1},"end":{"line":65,"column":2}},"11":{"start":{"line":64,"column":2},"end":{"line":64,"column":39}},"12":{"start":{"line":68,"column":1},"end":{"line":68,"column":36}},"13":{"start":{"line":74,"column":1},"end":{"line":78,"column":73}},"14":{"start":{"line":82,"column":1},"end":{"line":84,"column":3}},"15":{"start":{"line":83,"column":2},"end":{"line":83,"column":38}},"16":{"start":{"line":87,"column":1},"end":{"line":125,"column":2}},"17":{"start":{"line":89,"column":2},"end":{"line":89,"column":54}},"18":{"start":{"line":92,"column":2},"end":{"line":94,"column":10}},"19":{"start":{"line":93,"column":3},"end":{"line":93,"column":28}},"20":{"start":{"line":97,"column":2},"end":{"line":99,"column":3}},"21":{"start":{"line":98,"column":3},"end":{"line":98,"column":39}},"22":{"start":{"line":104,"column":2},"end":{"line":119,"column":3}},"23":{"start":{"line":105,"column":3},"end":{"line":105,"column":47}},"24":{"start":{"line":106,"column":3},"end":{"line":118,"column":6}},"25":{"start":{"line":110,"column":4},"end":{"line":117,"column":7}},"26":{"start":{"line":111,"column":5},"end":{"line":116,"column":6}},"27":{"start":{"line":112,"column":6},"end":{"line":115,"column":9}},"28":{"start":{"line":114,"column":7},"end":{"line":114,"column":70}},"29":{"start":{"line":128,"column":1},"end":{"line":128,"column":40}},"30":{"start":{"line":129,"column":1},"end":{"line":129,"column":30}},"31":{"start":{"line":142,"column":0},"end":{"line":184,"column":1}},"32":{"start":{"line":143,"column":1},"end":{"line":143,"column":32}},"33":{"start":{"line":144,"column":1},"end":{"line":144,"column":37}},"34":{"start":{"line":148,"column":1},"end":{"line":148,"column":63}},"35":{"start":{"line":149,"column":1},"end":{"line":149,"column":48}},"36":{"start":{"line":154,"column":1},"end":{"line":156,"column":2}},"37":{"start":{"line":155,"column":2},"end":{"line":155,"column":20}},"38":{"start":{"line":159,"column":1},"end":{"line":159,"column":38}},"39":{"start":{"line":162,"column":1},"end":{"line":162,"column":35}},"40":{"start":{"line":167,"column":1},"end":{"line":167,"column":35}},"41":{"start":{"line":175,"column":1},"end":{"line":175,"column":28}},"42":{"start":{"line":176,"column":1},"end":{"line":176,"column":29}},"43":{"start":{"line":181,"column":1},"end":{"line":181,"column":88}},"44":{"start":{"line":183,"column":1},"end":{"line":183,"column":19}},"45":{"start":{"line":186,"column":0},"end":{"line":188,"column":1}},"46":{"start":{"line":187,"column":1},"end":{"line":187,"column":81}},"47":{"start":{"line":190,"column":0},"end":{"line":192,"column":2}}},"branchMap":{"1":{"line":36,"type":"binary-expr","locations":[{"start":{"line":36,"column":17},"end":{"line":36,"column":27}},{"start":{"line":36,"column":31},"end":{"line":36,"column":46}}]},"2":{"line":37,"type":"binary-expr","locations":[{"start":{"line":37,"column":20},"end":{"line":37,"column":30}},{"start":{"line":37,"column":34},"end":{"line":37,"column":49}}]},"3":{"line":48,"type":"cond-expr","locations":[{"start":{"line":48,"column":29},"end":{"line":48,"column":41}},{"start":{"line":48,"column":44},"end":{"line":48,"column":66}}]},"4":{"line":48,"type":"binary-expr","locations":[{"start":{"line":48,"column":44},"end":{"line":48,"column":53}},{"start":{"line":48,"column":57},"end":{"line":48,"column":66}}]},"5":{"line":51,"type":"cond-expr","locations":[{"start":{"line":51,"column":30},"end":{"line":51,"column":39}},{"start":{"line":51,"column":42},"end":{"line":51,"column":51}}]},"6":{"line":55,"type":"binary-expr","locations":[{"start":{"line":55,"column":20},"end":{"line":55,"column":43}},{"start":{"line":55,"column":47},"end":{"line":59,"column":2}}]},"7":{"line":56,"type":"cond-expr","locations":[{"start":{"line":56,"column":27},"end":{"line":56,"column":31}},{"start":{"line":56,"column":34},"end":{"line":56,"column":39}}]},"8":{"line":63,"type":"if","locations":[{"start":{"line":63,"column":1},"end":{"line":63,"column":1}},{"start":{"line":63,"column":1},"end":{"line":63,"column":1}}]},"9":{"line":74,"type":"cond-expr","locations":[{"start":{"line":76,"column":2},"end":{"line":76,"column":6}},{"start":{"line":78,"column":2},"end":{"line":78,"column":72}}]},"10":{"line":78,"type":"cond-expr","locations":[{"start":{"line":78,"column":29},"end":{"line":78,"column":53}},{"start":{"line":78,"column":56},"end":{"line":78,"column":65}}]},"11":{"line":87,"type":"if","locations":[{"start":{"line":87,"column":1},"end":{"line":87,"column":1}},{"start":{"line":87,"column":1},"end":{"line":87,"column":1}}]},"12":{"line":89,"type":"binary-expr","locations":[{"start":{"line":89,"column":26},"end":{"line":89,"column":47}},{"start":{"line":89,"column":51},"end":{"line":89,"column":53}}]},"13":{"line":92,"type":"cond-expr","locations":[{"start":{"line":92,"column":44},"end":{"line":94,"column":4}},{"start":{"line":94,"column":7},"end":{"line":94,"column":9}}]},"14":{"line":97,"type":"if","locations":[{"start":{"line":97,"column":2},"end":{"line":97,"column":2}},{"start":{"line":97,"column":2},"end":{"line":97,"column":2}}]},"15":{"line":97,"type":"binary-expr","locations":[{"start":{"line":97,"column":7},"end":{"line":97,"column":49}},{"start":{"line":97,"column":53},"end":{"line":97,"column":98}}]},"16":{"line":104,"type":"if","locations":[{"start":{"line":104,"column":2},"end":{"line":104,"column":2}},{"start":{"line":104,"column":2},"end":{"line":104,"column":2}}]},"17":{"line":105,"type":"binary-expr","locations":[{"start":{"line":105,"column":23},"end":{"line":105,"column":40}},{"start":{"line":105,"column":44},"end":{"line":105,"column":46}}]},"18":{"line":111,"type":"if","locations":[{"start":{"line":111,"column":5},"end":{"line":111,"column":5}},{"start":{"line":111,"column":5},"end":{"line":111,"column":5}}]},"19":{"line":154,"type":"if","locations":[{"start":{"line":154,"column":1},"end":{"line":154,"column":1}},{"start":{"line":154,"column":1},"end":{"line":154,"column":1}}]},"20":{"line":154,"type":"binary-expr","locations":[{"start":{"line":154,"column":6},"end":{"line":154,"column":18}},{"start":{"line":154,"column":22},"end":{"line":154,"column":48}},{"start":{"line":154,"column":52},"end":{"line":154,"column":65}}]}},"code":["'use strict';","","var namedGroupRegexp = require( './util/named-group-regexp' );","var ensure = require( './util/ensure' );","","/**"," * Method to use when reducing route components array."," *"," * @method _reduceRouteComponents"," * @private"," * @param {object} routeObj     A route definition object (set via .bind partial application)"," * @param {object} topLevel     The top-level route tree object for this set of routes (set"," *                              via .bind partial application)"," * @param {object} parentLevel  The memo object, which is mutated as the
[...]
 Specify the post for which to retrieve terms (relevant for *e.g.* taxonomy"," * and comment collection endpoints). `forPost` is used to avoid conflicting"," * with the `.post()` method, which corresponds to the HTTP POST action."," *"," * @method forPost"," * @chainable"," * @param {String|Number} post The ID of the post for which to retrieve terms"," * @return The request instance (for chaining)"," */","parameterMixins.forPost = function( postId ) {","\t/* jshint validthis:true */","\treturn this.param( 'post', postId );","};","","module.exports = parameterMixins;",""],"l":{"11":1,"13":1,"16":1,"31":1,"33":0,"44":1,"46":0,"60":1,"62":0,"74":1,"76":0,"87":1,"89":0,"105":1,"107":0,"108":0,"110":0,"111":0,"112":0,"114":0,"115":0,"116":0,"118":0,"119":0,"120":0,"122":0,"146":1,"148":0,"161":1,"163":0,"166":1}},"/home/travis/build/npmtest/node-npmtest-wordpress-rest-api/node_modules/wordpress-rest-api/lib/autodiscovery.js":{"path":"/home/travis/build/npmtest/node-npmtest-wordpress-rest-api/node_modules/wordpress-rest-api/lib/autodiscovery.js","s":{"1":1,"2":1,"3":1,"4":1,"5":0,"6":0,"7":0,"8":0,"9":0,"10":0,"11":0,"12":1,"13":0,"14":0,"15":0,"16":0,"17":0,"18":1,"19":0,"20":0,"21":0,"22":0,"23":0,"24":0,"25":1,"26":0,"27":0,"28":1},"b":{"1":[0,0],"2":[0,0],"3":[0,0],"4":[0,0],"5":[0,0],"6":[0,0],"7":[0,0],"8":[0,0]},"f":{"1":0,"2":0,"3":0,"4":0,"5":0,"6":0,"7":0,"8":0},"fnMap":{"1":{"name":"resolveAsPromise","line":14,"loc":{"start":{"line":14,"column":0},"end":{"line":14,"column":43}}},"2":{"name":"(anonymous_2)","line":15,"loc":{"start":{"line":15,"column":20},"end":{"line":15,"column":48}}},"3":{"name":"(anonymous_3)","line":16,"loc":{"start":{"line":16,"column":20},"end":{"line":16,"column":41}}},"4":{"name":"getAPIRootFromURL","line":42,"loc":{"start":{"line":42,"column":0},"end":{"line":42,"column":42}}},"5":{"name":"(anonymous_5)","line":49,"loc":{"start":{"line":49,"column":9},"end":{"line":49,"column":25}}},"6":{"name":"locateAPIRootHeader","line":61,"loc":{"start":{"line":61,"column":0},"end":{"line":61,"column":41}}},"7":{"name":"getRootResponseJSON","line":81,"loc":{"start":{"line":81,"column":0},"end":{"line":81,"column":43}}},"8":{"name":"(anonymous_8)","line":83,"loc":{"start":{"line":83,"column":8},"end":{"line":83,"column":29}}}},"statementMap":{"1":{"start":{"line":10,"column":0},"end":{"line":10,"column":36}},"2":{"start":{"line":11,"column":0},"end":{"line":11,"column":36}},"3":{"start":{"line":12,"column":0},"end":{"line":12,"column":53}},"4":{"start":{"line":14,"column":0},"end":{"line":29,"column":1}},"5":{"start":{"line":15,"column":1},"end":{"line":28,"column":4}},"6":{"start":{"line":16,"column":2},"end":{"line":27,"column":5}},"7":{"start":{"line":17,"column":3},"end":{"line":25,"column":4}},"8":{"start":{"line":20,"column":4},"end":{"line":22,"column":5}},"9":{"start":{"line":21,"column":5},"end":{"line":21,"column":41}},"10":{"start":{"line":24,"column":4},"end":{"line":24,"column":25}},"11":{"start":{"line":26,"column":3},"end":{"line":26,"column":18}},"12":{"start":{"line":42,"column":0},"end":{"line":59,"column":1}},"13":{"start":{"line":46,"column":1},"end":{"line":46,"column":61}},"14":{"start":{"line":48,"column":1},"end":{"line":58,"column":5}},"15":{"start":{"line":52,"column":3},"end":{"line":54,"column":4}},"16":{"start":{"line":53,"column":4},"end":{"line":53,"column":42}},"17":{"start":{"line":57,"column":3},"end":{"line":57,"column":13}},"18":{"start":{"line":61,"column":0},"end":{"line":73,"column":1}},"19":{"start":{"line":62,"column":1},"end":{"line":62,"column":32}},"20":{"start":{"line":65,"column":1},"end":{"line":65,"column":56}},"21":{"start":{"line":66,"column":1},"end":{"line":66,"column":43}},"22":{"start":{"line":68,"column":1},"end":{"line":70,"column":2}},"23":{"start":{"line":69,"column":2},"end":{"line":69,"column":23}},"24":{"start":{"line":72,"column":1},"end":{"line":72,"column":73}},"25":{"start":{"line":81,"column":0},"end":{"line":86,"column":1}},"26":{"start":{"line":82,"column":1},"end":{"line":85,"column":5}},"27":{"start":{"line":84,"column":3},"end":{"line":84,"column":24}},"28":{"start":{"line":88,"column":0},"end":{"line":93,"column":2}}},"branchMap":{"1":{"line":17,"type":"if","locations":[{"start":{"line":17,"column":3},"end":{"line":17,"column":3}},{"start":{"line":17,"column":3},"end":{"line":17,"column":3}}]},"2":{"line":20,"type":"if","locations":[{"start":{"line":20,"column":4},"end":{"line":20,"column":4}},{"start":{"line":20,"column":4},"end":{"line":20,"column":4}}]},"3":{"line":20,"type":"binary-expr","locations":[{"start":{"line":20,"column":9},"end":{"line":20,"column":21}},{"start":{"line":20,"column":25},"end":{"line":20,"column":43}}]},"4":{"line":46,"type":"cond-expr","locations":[{"start":{"line":46,"column":24},"end":{"line":46,"column":40}},{"start":{"line":46,"column":43},"end":{"line":46,"column":60}}]},"5":{"line":52,"type":"if","locations":[{"start":{"line":52,"column":3},"end":{"line":52,"column":3}},{"start":{"line":52,"column":3},"end":{"line":52,"column":3}}]},"6":{"line":66,"type":"binary-expr","locations":[{"start":{"line":66,"column":17},"end":{"line":66,"column":24}},{"start":{"line":66,"column":28},"end":{"line":66,"column":42}}]},"7":{"line":68,"type":"if","locations":[{"start":{"line":68,"column":1},"end":{"line":68,"column":1}},{"start":{"line":68,"column":1},"end":{"line":68,"column":1}}]},"8":{"line":68,"type":"binary-expr","locations":[{"start":{"line":68,"column":6},"end":{"line":68,"column":15}},{"start":{"line":68,"column":19},"end":{"line":68,"column":32}}]}},"code":["/**"," * Utility methods used to query a site in order to discover its available"," * API endpoints"," *"," * @module autodiscovery"," */","'use strict';","","/*jshint -W079 */// Suppress warning about redefiniton of `Promise`","var Promise = require( 'bluebird' );","var agent = require( 'superagent' );","var parseLinkHeader = require( 'parse-link-header' );","","function resolveAsPromise( superagentReq ) {","\treturn new Promise(function( resolve, reject ) {","\t\tsuperagentReq.end(function( err, res ) {","\t\t\tif ( err ) {","\t\t\t\t// If err.response is present, the request succeeded but we got an","\t\t\t\t// error from the server: surface & return that error","\t\t\t\tif ( err.response && err.response.error ) {","\t\t\t\t\treturn reject( err.response.error );","\t\t\t\t}","\t\t\t\t// If err.response is not present, the request could not connect","\t\t\t\treturn reject( err );","\t\t\t}","\t\t\tresolve( res );","\t\t});","\t});","}","","/**"," * Fetch the headers for a URL and inspect them to attempt to locate an API"," * endpoint header. Return a promise that will be resolved with a string, or"," * rejected if no such header can be located."," *"," * @param {string}  url      An arbitrary URL within an API-enabled WordPress site"," * @param {boolean} [useGET] Whether to use GET or HEAD to read the URL, to enable"," *                           the method to upgrade to a full GET request if a HEAD"," *                           request initially fails."," * @returns {Promise} A promise to the string containing the API endpoint URL"," */","function getAPIRootFromURL( url, useGET ) {","","\t// If useGET is specified and truthy, .get the url; otherwise use .head","\t// because we only care about the HTTP headers, not the response body.","\tvar request = useGET ? agent.get( url ) : agent.head( url );","","\treturn resolveAsPromise( request )","\t\t.catch(function( err ) {","\t\t\t// If this wasn't already a GET request, then on the hypothesis that an","\t\t\t// error arises from an unaccepted HEAD request, try again using GET","\t\t\tif ( ! useGET ) {","\t\t\t\treturn getAPIRootFromURL( url, true );","\t\t\t}","","\t\t\t// Otherwise re-throw the error","\t\t\tthrow err;","\t\t});","}","","function locateAPIRootHeader( response ) {","\tvar rel = 'https://api.w.org/';","","\t// Extract & parse the response link headers","\tvar headers = parseLinkHeader( response.headers.link );","\tvar apiHeader = headers && headers[ rel ];","","\tif ( apiHeader && apiHeader.url ) {","\t\treturn apiHeader.url;","\t}","","\tthrow new Error( 'No header link found with rel=\"https://api.w.org/\"' );","}","","/**"," * Function to be called with the API url, once we have found one"," *"," * @param  {String} linkUrl The href of the <link> pointing to the API root"," * @return {Promise} Promise that resolves once the API root has been inspected"," */","function getRootResponseJSON( apiRootURL ) {","\treturn resolveAsPromise( agent.get( apiRootURL ).set( 'Accept', 'application/json' ) )","\t\t.then(function( response ) {","\t\t\treturn response.body;","\t\t});","}","","module.exports = {","\tresolveAsPromise: resolveAsPromise,","\tgetAPIRootFromURL: getAPIRootFromURL,","\tlocateAPIRootHeader: locateAPIRootHeader,","\tgetRootResponseJSON: getRootResponseJSON","};",""],"l":{"10":1,"11":1,"12":1,"14":1,"15":0,"16":0,"17":0,"20":0,"21":0,"24":0,"26":0,"42":1,"46":0,"48":0,"52":0,"53":0,"57":0,"61":1,"62":0,"65":0,"66":0,"68":0,"69":0,"72":0,"81":1,"82":0,"84":0,"88":1}},"/home/travis/build/npmtest/node-npmtest-wordpress-rest-api/node_modules/wordpress-rest-api/lib/wp-register-route.js":{"path":"/home/travis/build/npmtest/node-npmtest-wordpress-rest-api/node_modules/wordpress-rest-api/lib/wp-register-route.js","s":{"1":1,"2":1,"3":1,"4":1,"5":0,"6":0,"7":0,"8":0,"9":0,"10":0,"11":0,"12":0,"13":0,"14":0,"15":0,"16":0,"17":0,"18":0,"19":0,"20":0,"21":0,"22":0,"23":0,"24":0,"25":0,"26":1,"27":0,"28":0,"29":0,"30":0,"31":0,"32":1},"b":{"1":[0,0],"2":[0,0],"3":[0,0],"4":[0,0],"5":[0,0],"6":[0,0],"7":[0,0],"8":[0,0],"9":[0,0],"10":[0,0],"11":[0,0],"12":[0,0],"13":[0,0],"14":[0,0]},"f":{"1":0,"2":0,"3":0,"4":0},"fnMap":{"1":{"name":"registerRoute","line":24,"loc":{"start":{"line":24,"column":0},"end":{"line":24,"column":55}}},"2":{"name":"(anonymous_2)","line":30,"loc":{"start":{"line":30,"column":41},"end":{"line":30,"column":60}}},"3":{"name":"(anonymous_3)","line":67,"loc":{"start":{"line":67,"column":40},"end":{"line":67,"column":56}}},"4":{"name":"endpointFactory","line":77,"loc":{"start":{"line":77,"column":1},"end":{"line":77,"column":37}}}},"statementMap":{"1":{"start":{"line":3,"column":0},"end":{"line":3,"column":38}},"2":{"start":{"line":5,"column":0},"end":{"line":5,"column":53}},"3":{"start":{"line":6,"column":0},"end":{"line":6,"column":75}},"4":{"start":{"line":24,"column":0},"end":{"line":86,"column":1}},"5":{"start":{"line":26,"column":1},"end":{"line":26,"column":76}},"6":{"start":{"line":28,"column":1},"end":{"line":36,"column":2}},"7":{"start":{"line":30,"column":2},"end":{"line":32,"column":5}},"8":{"start":{"line":31,"column":3},"end":{"line":31,"column":38}},"9":{"start":{"line":33,"column":8},"end":{"line":36,"column":2}},"10":{"start":{"line":35,"column":2},"end":{"line":35,"column":62}},"11":{"start":{"line":39,"column":1},"end":{"line":43,"column":2}},"12":{"start":{"line":40,"column":2},"end":{"line":40,"column":34}},"13":{"start":{"line":41,"column":8},"end":{"line":43,"column":2}},"14":{"start":{"line":42,"column":2},"end":{"line":42,"column":33}},"15":{"start":{"line":45,"column":1},"end":{"line":49,"column":65}},"16":{"start":{"line":51,"column":1},"end":{"line":51,"column":19}},"17":{"start":{"line":52,"column":1},"end":{"line":55,"column":3}},"18":{"start":{"line":59,"column":1},"end":{"line":59,"column":44}},"19":{"start":{"line":61,"column":1},"end":{"line":61,"column":77}},"20":{"start":{"line":62,"column":1},"end":{"line":62,"column":87}},"21":{"start":{"line":64,"column":1},"end":{"line":75,"column":2}},"22":{"start":{"line":67,"column":2},"end":{"line":74,"column":5}},"23":{"start":{"line":68,"column":3},"end":{"line":68,"column":37}},"24":{"start":{"line":71,"column":3},"end":{"line":73,"column":4}},"25":{"start":{"line":72,"column":4},"end":{"line":72,"column":61}},"26":{"start":{"line":77,"column":1},"end":{"line":82,"column":2}},"27":{"start":{"line":79,"column":2},"end":{"line":79,"column":26}},"28":{"start":{"line":80,"column":2},"end":{"line":80,"column":53}},"29":{"start":{"line":81,"column":2},"end":{"line":81,"column":40}},"30":{"start":{"line":83,"column":1},"end":{"line":83,"column":40}},"31":{"start":{"line":85,"column":1},"end":{"line":85,"column":24}},"32":{"start":{"line":88,"column":0},"end":{"line":88,"column":31}}},"branchMap":{"1":{"line":28,"type":"if","locations":[{"start":{"line":28,"column":1},"end":{"line":28,"column":1}},{"start":{"line":28,"column":1},"end":{"line":28,"column":1}}]},"2":{"line":28,"type":"binary-expr","locations":[{"start":{"line":28,"column":6},"end":{"line":28,"column":13}},{"start":{"line":28,"column":17},"end":{"line":28,"column":49}}]},"3":{"line":33,"type":"if","locations":[{"start":{"line":33,"column":8},"end":{"line":33,"column":8}},{"start":{"line":33,"column":8},"end":{"line":33,"column":8}}]},"4":{"line":33,"type":"binary-expr","locations":[{"start":{"line":33,"column":13},"end":{"line":33,"column":20}},{"start":{"line":33,"column":24},"end":{"line":33,"column":59}}]},"5":{"line":39,"type":"if","locations":[{"start":{"line":39,"column":1},"end":{"line":39,"column":1}},{"start":{"line":39,"column":1},"end":{"line":39,"column":1}}]},"6":{"line":39,"type":"binary-expr","locations":[{"start":{"line":39,"column":6},"end":{"line":39,"column":46}},{"start":{"line":39,"column":50},"end":{"line":39,"column":91}}]},"7":{"line":41,"type":"if","locations":[{"start":{"line":41,"column":8},"end":{"line":41,"column":8}},{"start":{"line":41,"column":8},"end":{"line":41,"column":8}}]},"8":{"line":41,"type":"binary-expr","locations":[{"start":{"line":41,"column":13},"end":{"line":41,"column":54}},{"start":{"line":41,"column":58},"end":{"line":41,"column":98}}]},"9":{"line":64,"type":"if","locations":[{"start":{"line":64,"column":1},"end":{"line":64,"column":1}},{"start":{"line":64,"column":1},"end":{"line":64,"column":1}}]},"10":{"line":64,"type":"binary-expr","locations":[{"start":{"line":64,"column":6},"end":{"line":64,"column":13}},{"start":{"line":64,"column":17},"end":{"line":64,"column":51}}]},"11":{"line":71,"type":"if","locations":[{"start":{"line":71,"column":3},"end":{"line":71,"column":3}},{"start":{"line":71,"column":3},"end":{"line":71,"column":3}}]},"12":{"line":71,"type":"binary-expr","locations":[{"start":{"line":71,"column":8},"end":{"line":71,"column":35}},{"start":{"line":71,"column":39},"end":{"line":71,"column":73}}]},"13":{"line":79,"type":"binary-expr","locations":[{"start":{"line":79,"column":12},"end":{"line":79,"column":19}},{"start":{"line":79,"column":23},"end":{"line":79,"column":25}}]},"14":{"line":80,"type":"binary-expr","locations":[{"start":{"line":80,"column":29},"end":{"line":80,"column":33}},{"start":{"line":80,"column":37},"end":{"line":80,"column":50}}]}},"code":["'use strict';","","var extend = require( 'node.extend' );","","var buildRouteTree = require( './route-tree' ).build;","var generateEndpointFactories = require( './endpoint-factories' ).generate;","","/**"," * Create and return a handler for an arbitrary WP REST API endpoint."," *"," * The first two parameters mirror `register_rest_route` in the REST API"," * codebase:"," *"," * @class wp"," * @method registerRoute"," * @param {string}   namespace         A namespace string, e.g. 'myplugin/v1'"," * @param {string}   restBase          A REST route string, e.g. '/author/(?P<id>\\d+)'"," * @param {object}   [options]         An (optional) options object"," * @param {object}   [options.mixins]  A hash of functions to apply as mixins"," * @param {string[]} [options.methods] An array of methods to whitelist (on the leaf node only)"," * @returns {Function} An endpoint handler factory function for the"," * specified route"," */","function registerRoute( namespace, restBase, options ) {","\t// Support all methods until requested to do otherwise","\tvar supportedMethods = [ 'head', 'get', 'patch', 'put', 'post', 'delete' ];","","\tif ( options && Array.isArray( options.methods ) ) {","\t\t// Permit supported methods to be specified as an array","\t\tsupportedMethods = options.methods.map(function( method ) {","\t\t\treturn method.trim().toLowerCase();","\t\t});","\t} else if ( options && typeof options.methods === 'string' ) {","\t\t// Permit a supported method to be specified as a string","\t\tsupportedMethods = [ options.methods.trim().toLowerCase() ];","\t}","","\t// Ensure that if GET is supported, then HEAD is as well, and vice-versa","\tif ( supportedMethods.indexOf( 'get' ) !== -1 && supportedMethods.indexOf( 'head' ) === -1 ) {","\t\tsupportedMethods.push( 'head' );","\t} else if ( supportedMethods.indexOf( 'head' ) !== -1 && supportedMethods.indexOf( 'get' ) === -1 ) {","\t\tsupportedMethods.push( 'get' );","\t}","","\tvar fullRoute = namespace","\t\t// Route should always have preceding slash","\t\t.replace( /^[\\s/]*/, '/' )","\t\t// Route should always be joined to namespace with a single slash","\t\t.replace( /[\\s/]*$/, '/' ) + restBase.replace( /^[\\s/]*/, '' );","","\tvar routeObj = {};","\trouteObj[ fullRoute ] = {","\t\tnamespace: namespace,","\t\tmethods: supportedMethods","\t};","","\t// Go through the same steps used to bootstrap the client to parse the","\t// provided route out into a handler request method","\tvar routeTree = buildRouteTree( routeObj );","\t// Parse the mock route object into endpoint factories","\tvar endpointFactories = generateEndpointFactories( routeTree )[ namespace ];","\tvar EndpointRequest = endpointFactories[ Object.keys( endpointFactories )[ 0 ] ].Ctor;","","\tif ( options && typeof options.mixins === 'object' ) {","","\t\t// Set any specified mixin functions on the response","\t\tObject.keys( options.mixins ).forEach(function( key ) {","\t\t\tvar mixin = options.mixins[ key ];","","\t\t\t// Will not overwrite existing methods","\t\t\tif ( typeof mixin === 'function' && ! EndpointRequest.prototype[ key ] ) {","\t\t\t\tEndpointRequest.prototype[ key ] = options.mixins[ key ];","\t\t\t}","\t\t});","\t}","","\tfunction endpointFactory( options ) {","\t\t/* jshint validthis:true */","\t\toptions = options || {};","\t\toptions = extend( options, this && this._options );","\t\treturn new EndpointRequest( options );","\t}","\tendpointFactory.Ctor = EndpointRequest;","","\treturn endpointFactory;","}","","module.exports = registerRoute;",""],"l":{"3":1,"5":1,"6":1,"24":1,"26":0,"28":0,"30":0,"31":0,"33":0,"35":0,"39":0,"40":0,"41":0,"42":0,"45":0,"51":0,"52":0,"59":0,"61":0,"62":0,"64":0,"67":0,"68":0,"71":0,"72":0,"77":1,"79":0,"80":0,"81":0,"83":0,"85":0,"88":1}},"/home/travis/build/npmtest/node-npmtest-wordpress-rest-api/node_modules/wordpress-rest-api/Gruntfile.js":{"path":"/home/travis/build/npmtest/node-npmtest-wordpress-rest-api/node_modules/wordpress-rest-api/Gruntfile.js","s":{"1":1,"2":0,"3":0,"4":0},"b":{},"f":{"1":0},"fnMap":{"1":{"name":"(anonymous_1)","line":3,"loc":{"start":{"line":3,"column":17},"end":{"line":3,"column":35}}}},"statementMap":{"1":{"start":{"line":3,"column":0},"end":{"line":31,"column":2}},"2":{"start":{"line":5,"column":1},"end":{"line":26,"column":4}},"3":{"start":{"line":28,"column":1},"end":{"line":28,"column":46}},"4":{"start":{"line":30,"column":1},"end":{"line":30,"column":44}}},"branchMap":{},"code":["'use strict';","","module.exports = function( grunt ) {","","\tgrunt.initConfig({","","\t\tpkg: grunt.file.readJSON( 'package.json' ),","","\t\tyuidoc: {","\t\t\tcompile: {","\t\t\t\tname: '<%= pkg.name %>',","\t\t\t\tdescription: '<%= pkg.description %>',","\t\t\t\tversion: '<%= pkg.version %>',","\t\t\t\turl: '<%= pkg.homepage %>',","\t\t\t\toptions: {","\t\t\t\t\tignorePaths: [ 'node_modules', 'tests' ],","\t\t\t\t\tpaths: '.',","\t\t\t\t\tthemedir: './docs-theme',","\t\t\t\t\t// theme: 'simple',","\t\t\t\t\toutdir: 'docs/',","\t\t\t\t\ttabtospace: 2","\t\t\t\t}","\t\t\t}","\t\t}","","\t});","","\tgrunt.loadNpmTasks( 'grunt-contrib-yuidoc' );","","\tgrunt.registerTask( 'docs', [ 'yuidoc' ] );","};",""],"l":{"3":1,"5":0,"28":0,"30":0}}}